Using pre-set license
Built from '2020.3/staging' branch; Version is '2020.3.5f1 (8095aa901b9b) revision 8426922'; Using compiler version '192528614'; Build Type 'Release'
OS: 'Windows 10 Pro; OS build 19042.928; Version 2009; 64bit' Language: 'es' Physical Memory: 16227 MB
BatchMode: 1, IsHumanControllingUs: 0, StartBugReporterOnCrash: 0, Is64bit: 1, IsPro: 0

 COMMAND LINE ARGUMENTS:
C:\Program Files\Unity\Hub\Editor\2020.3.5f1\Editor\Unity.exe
-adb2
-batchMode
-noUpm
-name
AssetImportWorker1
-projectPath
D:/Google Drive/Plantilla_NET/Paletizado/Proyecto路D/SoftFluitronic/Software3D_Fluitronic
-logFile
Logs/AssetImportWorker1.log
-srvPort
62338
Successfully changed project path to: D:/Google Drive/Plantilla_NET/Paletizado/Proyecto路D/SoftFluitronic/Software3D_Fluitronic
D:/Google Drive/Plantilla_NET/Paletizado/Proyecto路D/SoftFluitronic/Software3D_Fluitronic
Using Asset Import Pipeline V2.
Refreshing native plugins compatible for Editor in 104.62 ms, found 0 plugins.
Preloading 0 native plugins for Editor in 0.00 ms.
Initialize engine version: 2020.3.5f1 (8095aa901b9b)
[Subsystems] Discovering subsystems at path C:/Program Files/Unity/Hub/Editor/2020.3.5f1/Editor/Data/Resources/UnitySubsystems
[Subsystems] Discovering subsystems at path D:/Google Drive/Plantilla_NET/Paletizado/Proyecto路D/SoftFluitronic/Software3D_Fluitronic/Assets
GfxDevice: creating device client; threaded=0
Direct3D:
    Version:  Direct3D 11.0 [level 11.1]
    Renderer: NVIDIA GeForce GTX 1050 Ti (ID=0x1c8c)
    Vendor:   
    VRAM:     4021 MB
    Driver:   26.21.14.4223
Initialize mono
Mono path[0] = 'C:/Program Files/Unity/Hub/Editor/2020.3.5f1/Editor/Data/Managed'
Mono path[1] = 'C:/Program Files/Unity/Hub/Editor/2020.3.5f1/Editor/Data/MonoBleedingEdge/lib/mono/unityjit'
Mono config path = 'C:/Program Files/Unity/Hub/Editor/2020.3.5f1/Editor/Data/MonoBleedingEdge/etc'
Using monoOptions --debugger-agent=transport=dt_socket,embedding=1,server=y,suspend=n,address=127.0.0.1:56448
Begin MonoManager ReloadAssembly
Registering precompiled unity dll's ...
Register platform support module: C:/Program Files/Unity/Hub/Editor/2020.3.5f1/Editor/Data/PlaybackEngines/WebGLSupport/UnityEditor.WebGL.Extensions.dll
Register platform support module: C:/Program Files/Unity/Hub/Editor/2020.3.5f1/Editor/Data/PlaybackEngines/MacStandaloneSupport/UnityEditor.OSXStandalone.Extensions.dll
Register platform support module: C:/Program Files/Unity/Hub/Editor/2020.3.5f1/Editor/Data/PlaybackEngines/WindowsStandaloneSupport/UnityEditor.WindowsStandalone.Extensions.dll
Register platform support module: C:/Program Files/Unity/Hub/Editor/2020.3.5f1/Editor/Data/PlaybackEngines/LinuxStandaloneSupport/UnityEditor.LinuxStandalone.Extensions.dll
Register platform support module: C:/Program Files/Unity/Hub/Editor/2020.3.5f1/Editor/Data/PlaybackEngines/LuminSupport/UnityEditor.Lumin.Extensions.dll
Registered in 0.012955 seconds.
Native extension for Lumin target not found
Native extension for LinuxStandalone target not found
Native extension for WindowsStandalone target not found
Native extension for OSXStandalone target not found
Native extension for WebGL target not found
Refreshing native plugins compatible for Editor in 75.15 ms, found 0 plugins.
Preloading 0 native plugins for Editor in 0.00 ms.
Mono: successfully reloaded assembly
- Completed reload, in  7.733 seconds
Platform modules already initialized, skipping
Registering precompiled user dll's ...
Registered in 0.001391 seconds.
Begin MonoManager ReloadAssembly
Native extension for Lumin target not found
Native extension for LinuxStandalone target not found
Native extension for WindowsStandalone target not found
Native extension for OSXStandalone target not found
Native extension for WebGL target not found
Refreshing native plugins compatible for Editor in 0.43 ms, found 0 plugins.
Preloading 0 native plugins for Editor in 0.00 ms.
Mono: successfully reloaded assembly
- Completed reload, in  6.053 seconds
Platform modules already initialized, skipping
========================================================================
Worker process is ready to serve import requests
Launched and connected shader compiler UnityShaderCompiler.exe after 0.13 seconds
Refreshing native plugins compatible for Editor in 0.85 ms, found 0 plugins.
Preloading 0 native plugins for Editor in 0.00 ms.
Unloading 1130 Unused Serialized files (Serialized files now loaded: 0)
System memory in use before: 59.7 MB.
System memory in use after: 59.7 MB.

Unloading 10 unused Assets to reduce memory usage. Loaded Objects now: 1572.
Total: 6.673200 ms (FindLiveObjects: 0.457000 ms CreateObjectMapping: 0.187500 ms MarkObjects: 5.718100 ms  DeleteObjects: 0.307500 ms)

========================================================================
Received Import Request.
  path: Assets/TextMesh Pro/Resources/Fonts & Materials/LiberationSans SDF - Outline.mat
  artifactKey: Guid(79459efec17a4d00a321bdcc27bbc385) Importer(815301076,1909f56bfc062723c751e8b465ee728b)
Start importing Assets/TextMesh Pro/Resources/Fonts & Materials/LiberationSans SDF - Outline.mat using Guid(79459efec17a4d00a321bdcc27bbc385) Importer(815301076,1909f56bfc062723c751e8b465ee728b)  -> (artifact id: '3789fcd9ef3159500c31a405e75f7223') in 0.459669 seconds
  Import took 0.468315 seconds .

========================================================================
Received Import Request.
  Time since last request: 0.000675 seconds.
  path: Assets/TextMesh Pro/Resources/Fonts & Materials/LiberationSans SDF - Fallback.asset
  artifactKey: Guid(2e498d1c8094910479dc3e1b768306a4) Importer(815301076,1909f56bfc062723c751e8b465ee728b)
Start importing Assets/TextMesh Pro/Resources/Fonts & Materials/LiberationSans SDF - Fallback.asset using Guid(2e498d1c8094910479dc3e1b768306a4) Importer(815301076,1909f56bfc062723c751e8b465ee728b)  -> (artifact id: 'a68ff2956456a13c7360456b995fef68') in 0.142963 seconds
  Import took 0.149191 seconds .

========================================================================
Received Import Request.
  Time since last request: 0.000874 seconds.
  path: Assets/TextMesh Pro/Resources/Fonts & Materials/LiberationSans SDF.asset
  artifactKey: Guid(8f586378b4e144a9851e7b34d9b748ee) Importer(815301076,1909f56bfc062723c751e8b465ee728b)
Start importing Assets/TextMesh Pro/Resources/Fonts & Materials/LiberationSans SDF.asset using Guid(8f586378b4e144a9851e7b34d9b748ee) Importer(815301076,1909f56bfc062723c751e8b465ee728b)  -> (artifact id: '8a99cc360955589cf887006e25bcd276') in 0.134794 seconds
  Import took 0.143829 seconds .

========================================================================
Received Import Request.
  Time since last request: 0.000700 seconds.
  path: Assets/TextMesh Pro/Resources/Fonts & Materials/LiberationSans SDF - Fallback.asset
  artifactKey: Guid(2e498d1c8094910479dc3e1b768306a4) Importer(815301076,1909f56bfc062723c751e8b465ee728b)
Start importing Assets/TextMesh Pro/Resources/Fonts & Materials/LiberationSans SDF - Fallback.asset using Guid(2e498d1c8094910479dc3e1b768306a4) Importer(815301076,1909f56bfc062723c751e8b465ee728b)  -> (artifact id: 'a68ff2956456a13c7360456b995fef68') in 0.034947 seconds
  Import took 0.043891 seconds .

========================================================================
Received Import Request.
  Time since last request: 0.000723 seconds.
  path: Assets/TextMesh Pro/Resources/Fonts & Materials/LiberationSans SDF.asset
  artifactKey: Guid(8f586378b4e144a9851e7b34d9b748ee) Importer(815301076,1909f56bfc062723c751e8b465ee728b)
Start importing Assets/TextMesh Pro/Resources/Fonts & Materials/LiberationSans SDF.asset using Guid(8f586378b4e144a9851e7b34d9b748ee) Importer(815301076,1909f56bfc062723c751e8b465ee728b)  -> (artifact id: '8a99cc360955589cf887006e25bcd276') in 0.124528 seconds
  Import took 0.133743 seconds .

========================================================================
Received Prepare
Registering precompiled user dll's ...
Registered in 0.001776 seconds.
Begin MonoManager ReloadAssembly
Native extension for Lumin target not found
Native extension for LinuxStandalone target not found
Native extension for WindowsStandalone target not found
Native extension for OSXStandalone target not found
Native extension for WebGL target not found
Refreshing native plugins compatible for Editor in 0.57 ms, found 0 plugins.
Preloading 0 native plugins for Editor in 0.00 ms.
Mono: successfully reloaded assembly
- Completed reload, in  2.980 seconds
Platform modules already initialized, skipping
Switching build target platform(5) subTarget(0) extendedPlatform(0) -> platform(21) subTarget(0) extendedPlatform(0)
Refreshing native plugins compatible for Editor in 0.53 ms, found 0 plugins.
Preloading 0 native plugins for Editor in 0.00 ms.
Unloading 1115 Unused Serialized files (Serialized files now loaded: 0)
System memory in use before: 61.8 MB.
System memory in use after: 61.8 MB.

Unloading 5 unused Assets to reduce memory usage. Loaded Objects now: 1618.
Total: 4.553200 ms (FindLiveObjects: 0.335000 ms CreateObjectMapping: 0.119200 ms MarkObjects: 3.957200 ms  DeleteObjects: 0.137500 ms)

========================================================================
Received Import Request.
  Time since last request: 501.985840 seconds.
  path: Assets/Scipt
  artifactKey: Guid(042915632ef08f444aa52b74b3d877c2) Importer(815301076,1909f56bfc062723c751e8b465ee728b)
Start importing Assets/Scipt using Guid(042915632ef08f444aa52b74b3d877c2) Importer(815301076,1909f56bfc062723c751e8b465ee728b)  -> (artifact id: '67fae4e11c6b9c0551f3bf1f9325ef8d') in 0.029767 seconds
  Import took 0.035810 seconds .

========================================================================
Received Import Request.
  Time since last request: 4.882232 seconds.
  path: Assets/Scipts
  artifactKey: Guid(042915632ef08f444aa52b74b3d877c2) Importer(815301076,1909f56bfc062723c751e8b465ee728b)
Start importing Assets/Scipts using Guid(042915632ef08f444aa52b74b3d877c2) Importer(815301076,1909f56bfc062723c751e8b465ee728b)  -> (artifact id: '252faad473100c2f6697eef4a16494a6') in 0.021231 seconds
  Import took 0.029306 seconds .

========================================================================
Received Import Request.
  Time since last request: 11.589074 seconds.
  path: Assets/Scirpts
  artifactKey: Guid(042915632ef08f444aa52b74b3d877c2) Importer(815301076,1909f56bfc062723c751e8b465ee728b)
Start importing Assets/Scirpts using Guid(042915632ef08f444aa52b74b3d877c2) Importer(815301076,1909f56bfc062723c751e8b465ee728b)  -> (artifact id: '39dd56b1324efff0f054409e13143d5b') in 0.018998 seconds
  Import took 0.025771 seconds .

========================================================================
Received Import Request.
  Time since last request: 10.275423 seconds.
  path: Assets/Scripts
  artifactKey: Guid(042915632ef08f444aa52b74b3d877c2) Importer(815301076,1909f56bfc062723c751e8b465ee728b)
Start importing Assets/Scripts using Guid(042915632ef08f444aa52b74b3d877c2) Importer(815301076,1909f56bfc062723c751e8b465ee728b)  -> (artifact id: 'c47dc7c2a45d60f2846f1e5e169de729') in 0.023763 seconds
  Import took 0.030933 seconds .

========================================================================
Received Import Request.
  Time since last request: 168.108322 seconds.
  path: Assets/Scripts/CambioAplicacion.cs
  artifactKey: Guid(0d45b3e9e01d49c4383a9bfd2b6fdd48) Importer(815301076,1909f56bfc062723c751e8b465ee728b)
Start importing Assets/Scripts/CambioAplicacion.cs using Guid(0d45b3e9e01d49c4383a9bfd2b6fdd48) Importer(815301076,1909f56bfc062723c751e8b465ee728b)  -> (artifact id: '1786ba5ebdd4893c9614dc09a0cf2505') in 0.036860 seconds
  Import took 0.045139 seconds .

========================================================================
Received Prepare
Registering precompiled user dll's ...
Registered in 0.002767 seconds.
Begin MonoManager ReloadAssembly
Native extension for Lumin target not found
Native extension for LinuxStandalone target not found
Native extension for WindowsStandalone target not found
Native extension for OSXStandalone target not found
Native extension for WebGL target not found
Refreshing native plugins compatible for Editor in 0.48 ms, found 0 plugins.
Preloading 0 native plugins for Editor in 0.00 ms.
Mono: successfully reloaded assembly
- Completed reload, in  3.509 seconds
Platform modules already initialized, skipping
Switching build target platform(5) subTarget(0) extendedPlatform(0) -> platform(21) subTarget(0) extendedPlatform(0)
Refreshing native plugins compatible for Editor in 0.89 ms, found 0 plugins.
Preloading 0 native plugins for Editor in 0.00 ms.
Unloading 1116 Unused Serialized files (Serialized files now loaded: 0)
System memory in use before: 61.8 MB.
System memory in use after: 61.9 MB.

Unloading 5 unused Assets to reduce memory usage. Loaded Objects now: 1622.
Total: 7.186900 ms (FindLiveObjects: 0.538900 ms CreateObjectMapping: 0.142700 ms MarkObjects: 6.296500 ms  DeleteObjects: 0.204800 ms)

========================================================================
Received Prepare
Registering precompiled user dll's ...
Registered in 0.001803 seconds.
Begin MonoManager ReloadAssembly
Native extension for Lumin target not found
Native extension for LinuxStandalone target not found
Native extension for WindowsStandalone target not found
Native extension for OSXStandalone target not found
Native extension for WebGL target not found
Refreshing native plugins compatible for Editor in 0.52 ms, found 0 plugins.
Preloading 0 native plugins for Editor in 0.00 ms.
Mono: successfully reloaded assembly
- Completed reload, in  3.450 seconds
Platform modules already initialized, skipping
Switching build target platform(5) subTarget(0) extendedPlatform(0) -> platform(21) subTarget(0) extendedPlatform(0)
Refreshing native plugins compatible for Editor in 0.56 ms, found 0 plugins.
Preloading 0 native plugins for Editor in 0.00 ms.
Unloading 1116 Unused Serialized files (Serialized files now loaded: 0)
System memory in use before: 61.8 MB.
System memory in use after: 61.9 MB.

Unloading 5 unused Assets to reduce memory usage. Loaded Objects now: 1625.
Total: 4.588900 ms (FindLiveObjects: 0.325400 ms CreateObjectMapping: 0.103900 ms MarkObjects: 4.025800 ms  DeleteObjects: 0.130600 ms)

========================================================================
Received Import Request.
  Time since last request: 121.799252 seconds.
  path: Assets/Scripts/CambioAplicacion.cs
  artifactKey: Guid(0d45b3e9e01d49c4383a9bfd2b6fdd48) Importer(815301076,1909f56bfc062723c751e8b465ee728b)
Start importing Assets/Scripts/CambioAplicacion.cs using Guid(0d45b3e9e01d49c4383a9bfd2b6fdd48) Importer(815301076,1909f56bfc062723c751e8b465ee728b)  -> (artifact id: '4de73c4c62d0764fa3128e33e4e76fdf') in 0.012720 seconds
  Import took 0.018506 seconds .

========================================================================
Received Prepare
Registering precompiled user dll's ...
Registered in 0.002239 seconds.
Begin MonoManager ReloadAssembly
Native extension for Lumin target not found
Native extension for LinuxStandalone target not found
Native extension for WindowsStandalone target not found
Native extension for OSXStandalone target not found
Native extension for WebGL target not found
Refreshing native plugins compatible for Editor in 0.52 ms, found 0 plugins.
Preloading 0 native plugins for Editor in 0.00 ms.
Mono: successfully reloaded assembly
- Completed reload, in  3.405 seconds
Platform modules already initialized, skipping
Switching build target platform(5) subTarget(0) extendedPlatform(0) -> platform(21) subTarget(0) extendedPlatform(0)
Refreshing native plugins compatible for Editor in 0.52 ms, found 0 plugins.
Preloading 0 native plugins for Editor in 0.00 ms.
Unloading 1116 Unused Serialized files (Serialized files now loaded: 0)
System memory in use before: 61.9 MB.
System memory in use after: 61.9 MB.

Unloading 5 unused Assets to reduce memory usage. Loaded Objects now: 1628.
Total: 5.257300 ms (FindLiveObjects: 0.481500 ms CreateObjectMapping: 0.130300 ms MarkObjects: 4.508300 ms  DeleteObjects: 0.134100 ms)

========================================================================
Received Import Request.
  Time since last request: 127.735756 seconds.
  path: Assets/TextMesh Pro/Resources/Style Sheets/Default Style Sheet.asset
  artifactKey: Guid(f952c082cb03451daed3ee968ac6c63e) Importer(815301076,1909f56bfc062723c751e8b465ee728b)
Start importing Assets/TextMesh Pro/Resources/Style Sheets/Default Style Sheet.asset using Guid(f952c082cb03451daed3ee968ac6c63e) Importer(815301076,1909f56bfc062723c751e8b465ee728b)  -> (artifact id: 'ef9640902a4ab2156cb5654d62f6d480') in 0.065963 seconds
  Import took 0.074410 seconds .

========================================================================
Received Import Request.
  Time since last request: 3.574732 seconds.
  path: Assets/TextMesh Pro/Resources/Sprite Assets/EmojiOne.asset
  artifactKey: Guid(c41005c129ba4d66911b75229fd70b45) Importer(815301076,1909f56bfc062723c751e8b465ee728b)
Start importing Assets/TextMesh Pro/Resources/Sprite Assets/EmojiOne.asset using Guid(c41005c129ba4d66911b75229fd70b45) Importer(815301076,1909f56bfc062723c751e8b465ee728b)  -> (artifact id: '53ee062c5e24b976305b533bc7779d65') in 0.049723 seconds
  Import took 0.058731 seconds .

========================================================================
Received Import Request.
  Time since last request: 0.003945 seconds.
  path: Assets/TextMesh Pro/Resources/Sprite Assets/EmojiOne.asset
  artifactKey: Guid(c41005c129ba4d66911b75229fd70b45) Importer(815301076,1909f56bfc062723c751e8b465ee728b)
Start importing Assets/TextMesh Pro/Resources/Sprite Assets/EmojiOne.asset using Guid(c41005c129ba4d66911b75229fd70b45) Importer(815301076,1909f56bfc062723c751e8b465ee728b)  -> (artifact id: '53ee062c5e24b976305b533bc7779d65') in 0.012493 seconds
  Import took 0.022752 seconds .

========================================================================
Received Import Request.
  Time since last request: 2.273343 seconds.
  path: Assets/TextMesh Pro/Sprites/EmojiOne.png
  artifactKey: Guid(dffef66376be4fa480fb02b19edbe903) Importer(815301076,1909f56bfc062723c751e8b465ee728b)
Start importing Assets/TextMesh Pro/Sprites/EmojiOne.png using Guid(dffef66376be4fa480fb02b19edbe903) Importer(815301076,1909f56bfc062723c751e8b465ee728b)  -> (artifact id: '5875ac78c13a2504699bce381c43e180') in 0.243304 seconds
  Import took 0.252362 seconds .

========================================================================
Received Import Request.
  Time since last request: 14.781983 seconds.
  path: Assets/TextMesh Pro/Fonts/LiberationSans.ttf
  artifactKey: Guid(e3265ab4bf004d28a9537516768c1c75) Importer(815301076,1909f56bfc062723c751e8b465ee728b)
Start importing Assets/TextMesh Pro/Fonts/LiberationSans.ttf using Guid(e3265ab4bf004d28a9537516768c1c75) Importer(815301076,1909f56bfc062723c751e8b465ee728b)  -> (artifact id: '44b1eca4463f2d4226dc6318645ebc63') in 0.210813 seconds
  Import took 0.219098 seconds .

========================================================================
Received Import Request.
  Time since last request: 0.672119 seconds.
  path: Assets/TextMesh Pro/Resources/Fonts & Materials/LiberationSans SDF - Drop Shadow.mat
  artifactKey: Guid(e73a58f6e2794ae7b1b7e50b7fb811b0) Importer(815301076,1909f56bfc062723c751e8b465ee728b)
Start importing Assets/TextMesh Pro/Resources/Fonts & Materials/LiberationSans SDF - Drop Shadow.mat using Guid(e73a58f6e2794ae7b1b7e50b7fb811b0) Importer(815301076,1909f56bfc062723c751e8b465ee728b)  -> (artifact id: 'c929e802034d2b4b6bd7f2a4c02fe330') in 0.426986 seconds
  Import took 0.433707 seconds .

========================================================================
Received Import Request.
  Time since last request: 5.999919 seconds.
  path: Assets/TextMesh Pro/Resources/TMP Settings.asset
  artifactKey: Guid(3f5b5dff67a942289a9defa416b206f3) Importer(815301076,1909f56bfc062723c751e8b465ee728b)
Start importing Assets/TextMesh Pro/Resources/TMP Settings.asset using Guid(3f5b5dff67a942289a9defa416b206f3) Importer(815301076,1909f56bfc062723c751e8b465ee728b)  -> (artifact id: 'a9818e60c97d957991c0e9c16b4ae9a4') in 0.196147 seconds
  Import took 0.204401 seconds .

========================================================================
Received Prepare
Registering precompiled user dll's ...
Registered in 0.002775 seconds.
Begin MonoManager ReloadAssembly
Native extension for Lumin target not found
Native extension for LinuxStandalone target not found
Native extension for WindowsStandalone target not found
Native extension for OSXStandalone target not found
Native extension for WebGL target not found
Refreshing native plugins compatible for Editor in 0.57 ms, found 0 plugins.
Preloading 0 native plugins for Editor in 0.00 ms.
Mono: successfully reloaded assembly
- Completed reload, in  3.737 seconds
Platform modules already initialized, skipping
Switching build target platform(5) subTarget(0) extendedPlatform(0) -> platform(21) subTarget(0) extendedPlatform(0)
Refreshing native plugins compatible for Editor in 0.66 ms, found 0 plugins.
Preloading 0 native plugins for Editor in 0.00 ms.
Unloading 1116 Unused Serialized files (Serialized files now loaded: 0)
System memory in use before: 62.0 MB.
System memory in use after: 62.0 MB.

Unloading 5 unused Assets to reduce memory usage. Loaded Objects now: 1635.
Total: 6.023700 ms (FindLiveObjects: 0.424300 ms CreateObjectMapping: 0.133300 ms MarkObjects: 5.309800 ms  DeleteObjects: 0.151200 ms)

========================================================================
Received Import Request.
  Time since last request: 259.843130 seconds.
  path: Assets/Paletizador/Escenas/@Inicio.unity
  artifactKey: Guid(2b8371e892734a34d9a9a2dc05f6f151) Importer(815301076,1909f56bfc062723c751e8b465ee728b)
Start importing Assets/Paletizador/Escenas/@Inicio.unity using Guid(2b8371e892734a34d9a9a2dc05f6f151) Importer(815301076,1909f56bfc062723c751e8b465ee728b)  -> (artifact id: '24532dfe0f4596ffcc0a5e52d4082bab') in 0.059342 seconds
  Import took 0.069307 seconds .

========================================================================
Received Prepare
Registering precompiled user dll's ...
Registered in 0.002498 seconds.
Begin MonoManager ReloadAssembly
Native extension for Lumin target not found
Native extension for LinuxStandalone target not found
Native extension for WindowsStandalone target not found
Native extension for OSXStandalone target not found
Native extension for WebGL target not found
Refreshing native plugins compatible for Editor in 0.49 ms, found 0 plugins.
Preloading 0 native plugins for Editor in 0.00 ms.
Mono: successfully reloaded assembly
- Completed reload, in  3.169 seconds
Platform modules already initialized, skipping
Switching build target platform(5) subTarget(0) extendedPlatform(0) -> platform(21) subTarget(0) extendedPlatform(0)
Refreshing native plugins compatible for Editor in 0.93 ms, found 0 plugins.
Preloading 0 native plugins for Editor in 0.00 ms.
Unloading 1116 Unused Serialized files (Serialized files now loaded: 0)
System memory in use before: 62.0 MB.
System memory in use after: 62.0 MB.

Unloading 5 unused Assets to reduce memory usage. Loaded Objects now: 1638.
Total: 5.092000 ms (FindLiveObjects: 0.374500 ms CreateObjectMapping: 0.119000 ms MarkObjects: 4.459400 ms  DeleteObjects: 0.135700 ms)

========================================================================
Received Import Request.
  Time since last request: 121.717417 seconds.
  path: Assets/Paletizador/Script/Clases
  artifactKey: Guid(9194bdddee266784ebfdecd4b727ecc3) Importer(815301076,1909f56bfc062723c751e8b465ee728b)
Start importing Assets/Paletizador/Script/Clases using Guid(9194bdddee266784ebfdecd4b727ecc3) Importer(815301076,1909f56bfc062723c751e8b465ee728b)  -> (artifact id: 'a49bb0da07188bd3c548de4321dfa981') in 0.028454 seconds
  Import took 0.034638 seconds .

========================================================================
Received Import Request.
  Time since last request: 21.764278 seconds.
  path: Assets/Paletizador/Script/@ConfiProyecto
  artifactKey: Guid(32ffe7dd7d2bb124f8103c4fd2abf590) Importer(815301076,1909f56bfc062723c751e8b465ee728b)
Start importing Assets/Paletizador/Script/@ConfiProyecto using Guid(32ffe7dd7d2bb124f8103c4fd2abf590) Importer(815301076,1909f56bfc062723c751e8b465ee728b)  -> (artifact id: '616daa218822a0cf4e5f83f553c694fc') in 0.024096 seconds
  Import took 0.032183 seconds .

========================================================================
Received Import Request.
  Time since last request: 26.731824 seconds.
  path: Assets/Paletizador/Script/Clases/Caja.cs
  artifactKey: Guid(3b5c6580f083f734b93cf7b9b79df218) Importer(815301076,1909f56bfc062723c751e8b465ee728b)
Start importing Assets/Paletizador/Script/Clases/Caja.cs using Guid(3b5c6580f083f734b93cf7b9b79df218) Importer(815301076,1909f56bfc062723c751e8b465ee728b)  -> (artifact id: '0447e3b441e3362c1291e6e743933ca0') in 0.025398 seconds
  Import took 0.032451 seconds .

========================================================================
Received Prepare
Registering precompiled user dll's ...
Registered in 0.001764 seconds.
Begin MonoManager ReloadAssembly
Native extension for Lumin target not found
Native extension for LinuxStandalone target not found
Native extension for WindowsStandalone target not found
Native extension for OSXStandalone target not found
Native extension for WebGL target not found
Refreshing native plugins compatible for Editor in 0.87 ms, found 0 plugins.
Preloading 0 native plugins for Editor in 0.00 ms.
Mono: successfully reloaded assembly
- Completed reload, in  4.263 seconds
Platform modules already initialized, skipping
Switching build target platform(5) subTarget(0) extendedPlatform(0) -> platform(21) subTarget(0) extendedPlatform(0)
Refreshing native plugins compatible for Editor in 0.64 ms, found 0 plugins.
Preloading 0 native plugins for Editor in 0.00 ms.
Unloading 1117 Unused Serialized files (Serialized files now loaded: 0)
System memory in use before: 62.0 MB.
System memory in use after: 62.1 MB.

Unloading 5 unused Assets to reduce memory usage. Loaded Objects now: 1642.
Total: 5.704700 ms (FindLiveObjects: 0.830300 ms CreateObjectMapping: 0.215600 ms MarkObjects: 4.471800 ms  DeleteObjects: 0.181900 ms)

========================================================================
Received Prepare
Registering precompiled user dll's ...
Registered in 0.002585 seconds.
Begin MonoManager ReloadAssembly
Native extension for Lumin target not found
Native extension for LinuxStandalone target not found
Native extension for WindowsStandalone target not found
Native extension for OSXStandalone target not found
Native extension for WebGL target not found
Refreshing native plugins compatible for Editor in 0.53 ms, found 0 plugins.
Preloading 0 native plugins for Editor in 0.00 ms.
Mono: successfully reloaded assembly
- Completed reload, in  3.497 seconds
Platform modules already initialized, skipping
Switching build target platform(5) subTarget(0) extendedPlatform(0) -> platform(21) subTarget(0) extendedPlatform(0)
Refreshing native plugins compatible for Editor in 0.60 ms, found 0 plugins.
Preloading 0 native plugins for Editor in 0.00 ms.
Unloading 1117 Unused Serialized files (Serialized files now loaded: 0)
System memory in use before: 62.0 MB.
System memory in use after: 62.1 MB.

Unloading 5 unused Assets to reduce memory usage. Loaded Objects now: 1645.
Total: 4.575800 ms (FindLiveObjects: 0.358100 ms CreateObjectMapping: 0.112300 ms MarkObjects: 3.962700 ms  DeleteObjects: 0.139700 ms)

========================================================================
Received Import Request.
  Time since last request: 196.244736 seconds.
  path: Assets/Paletizador/Script/Clases/Caja.cs
  artifactKey: Guid(3b5c6580f083f734b93cf7b9b79df218) Importer(815301076,1909f56bfc062723c751e8b465ee728b)
Start importing Assets/Paletizador/Script/Clases/Caja.cs using Guid(3b5c6580f083f734b93cf7b9b79df218) Importer(815301076,1909f56bfc062723c751e8b465ee728b)  -> (artifact id: '9d8b4e4a1b058800e2d6d1d9ff193812') in 0.013815 seconds
  Import took 0.019836 seconds .

========================================================================
Received Import Request.
  Time since last request: 24.069185 seconds.
  path: Assets/Paletizador/Script/@ConfiProyecto/@ConfiProyecto.cs
  artifactKey: Guid(71020d587652fa94b9ac64056175d5fe) Importer(815301076,1909f56bfc062723c751e8b465ee728b)
Start importing Assets/Paletizador/Script/@ConfiProyecto/@ConfiProyecto.cs using Guid(71020d587652fa94b9ac64056175d5fe) Importer(815301076,1909f56bfc062723c751e8b465ee728b)  -> (artifact id: 'b9f497ff1f399a4d94f4374d1de25bd6') in 0.007043 seconds
  Import took 0.014059 seconds .

========================================================================
Received Import Request.
  Time since last request: 0.124531 seconds.
  path: Assets/Paletizador/Script/@ConfiProyecto/@ConfiProyecto.cs
  artifactKey: Guid(71020d587652fa94b9ac64056175d5fe) Importer(815301076,1909f56bfc062723c751e8b465ee728b)
Start importing Assets/Paletizador/Script/@ConfiProyecto/@ConfiProyecto.cs using Guid(71020d587652fa94b9ac64056175d5fe) Importer(815301076,1909f56bfc062723c751e8b465ee728b)  -> (artifact id: 'b9f497ff1f399a4d94f4374d1de25bd6') in 0.009323 seconds
  Import took 0.019284 seconds .

========================================================================
Received Prepare
Registering precompiled user dll's ...
Registered in 0.001865 seconds.
Begin MonoManager ReloadAssembly
Native extension for Lumin target not found
Native extension for LinuxStandalone target not found
Native extension for WindowsStandalone target not found
Native extension for OSXStandalone target not found
Native extension for WebGL target not found
Refreshing native plugins compatible for Editor in 1.00 ms, found 0 plugins.
Preloading 0 native plugins for Editor in 0.00 ms.
Mono: successfully reloaded assembly
- Completed reload, in  4.359 seconds
Platform modules already initialized, skipping
Switching build target platform(5) subTarget(0) extendedPlatform(0) -> platform(21) subTarget(0) extendedPlatform(0)
Refreshing native plugins compatible for Editor in 0.88 ms, found 0 plugins.
Preloading 0 native plugins for Editor in 0.00 ms.
Unloading 1118 Unused Serialized files (Serialized files now loaded: 0)
System memory in use before: 62.0 MB.
System memory in use after: 62.1 MB.

Unloading 5 unused Assets to reduce memory usage. Loaded Objects now: 1649.
Total: 6.298000 ms (FindLiveObjects: 0.680800 ms CreateObjectMapping: 0.366400 ms MarkObjects: 5.103400 ms  DeleteObjects: 0.142500 ms)

========================================================================
Received Import Request.
  Time since last request: 24.107044 seconds.
  path: Assets/Paletizador/Script/@ConfiProyecto/ConfiProyecto.cs
  artifactKey: Guid(71020d587652fa94b9ac64056175d5fe) Importer(815301076,1909f56bfc062723c751e8b465ee728b)
Start importing Assets/Paletizador/Script/@ConfiProyecto/ConfiProyecto.cs using Guid(71020d587652fa94b9ac64056175d5fe) Importer(815301076,1909f56bfc062723c751e8b465ee728b)  -> (artifact id: '10827b2035d32b4eb69b3fbde9f7721e') in 0.028086 seconds
  Import took 0.035959 seconds .

========================================================================
Received Prepare
Registering precompiled user dll's ...
Registered in 0.001745 seconds.
Begin MonoManager ReloadAssembly
Native extension for Lumin target not found
Native extension for LinuxStandalone target not found
Native extension for WindowsStandalone target not found
Native extension for OSXStandalone target not found
Native extension for WebGL target not found
Refreshing native plugins compatible for Editor in 0.44 ms, found 0 plugins.
Preloading 0 native plugins for Editor in 0.00 ms.
Mono: successfully reloaded assembly
- Completed reload, in  3.161 seconds
Platform modules already initialized, skipping
Switching build target platform(5) subTarget(0) extendedPlatform(0) -> platform(21) subTarget(0) extendedPlatform(0)
Refreshing native plugins compatible for Editor in 0.55 ms, found 0 plugins.
Preloading 0 native plugins for Editor in 0.00 ms.
Unloading 1118 Unused Serialized files (Serialized files now loaded: 0)
System memory in use before: 62.0 MB.
System memory in use after: 62.1 MB.

Unloading 5 unused Assets to reduce memory usage. Loaded Objects now: 1652.
Total: 4.827100 ms (FindLiveObjects: 0.532700 ms CreateObjectMapping: 0.204600 ms MarkObjects: 3.953900 ms  DeleteObjects: 0.132400 ms)

========================================================================
Received Import Request.
  Time since last request: 476.420261 seconds.
  path: Assets/Paletizador/Script/Escenas/CambioEscenas.cs
  artifactKey: Guid(dcf0450ff10fbf74bb7b33f5e4e8a5ac) Importer(815301076,1909f56bfc062723c751e8b465ee728b)
Start importing Assets/Paletizador/Script/Escenas/CambioEscenas.cs using Guid(dcf0450ff10fbf74bb7b33f5e4e8a5ac) Importer(815301076,1909f56bfc062723c751e8b465ee728b)  -> (artifact id: '46ee8db7dae92307ce8895fd4ca35174') in 0.041210 seconds
  Import took 0.051381 seconds .

========================================================================
Received Prepare
Registering precompiled user dll's ...
Registered in 0.002635 seconds.
Begin MonoManager ReloadAssembly
Native extension for Lumin target not found
Native extension for LinuxStandalone target not found
Native extension for WindowsStandalone target not found
Native extension for OSXStandalone target not found
Native extension for WebGL target not found
Refreshing native plugins compatible for Editor in 0.99 ms, found 0 plugins.
Preloading 0 native plugins for Editor in 0.00 ms.
Mono: successfully reloaded assembly
- Completed reload, in  3.687 seconds
Platform modules already initialized, skipping
Switching build target platform(5) subTarget(0) extendedPlatform(0) -> platform(21) subTarget(0) extendedPlatform(0)
Refreshing native plugins compatible for Editor in 0.52 ms, found 0 plugins.
Preloading 0 native plugins for Editor in 0.00 ms.
Unloading 1118 Unused Serialized files (Serialized files now loaded: 0)
System memory in use before: 62.0 MB.
System memory in use after: 62.1 MB.

Unloading 5 unused Assets to reduce memory usage. Loaded Objects now: 1655.
Total: 5.035400 ms (FindLiveObjects: 0.548000 ms CreateObjectMapping: 0.126900 ms MarkObjects: 4.182100 ms  DeleteObjects: 0.173600 ms)

========================================================================
Received Import Request.
  Time since last request: 130.102002 seconds.
  path: Assets/Paletizador/Prefabs
  artifactKey: Guid(4bd15f0c08b3571428378a94f237cff9) Importer(815301076,1909f56bfc062723c751e8b465ee728b)
Start importing Assets/Paletizador/Prefabs using Guid(4bd15f0c08b3571428378a94f237cff9) Importer(815301076,1909f56bfc062723c751e8b465ee728b)  -> (artifact id: '0bd71c5120d71f765df72c5aec886431') in 0.032684 seconds
  Import took 0.040025 seconds .

========================================================================
Received Import Request.
  Time since last request: 41.526977 seconds.
  path: Assets/Paletizador/Escenas/@ConfiProyecto.unity
  artifactKey: Guid(000f0b317b924634fa85c00ae22d1b8d) Importer(815301076,1909f56bfc062723c751e8b465ee728b)
Start importing Assets/Paletizador/Escenas/@ConfiProyecto.unity using Guid(000f0b317b924634fa85c00ae22d1b8d) Importer(815301076,1909f56bfc062723c751e8b465ee728b)  -> (artifact id: 'c70f598035cd9cb75265470977aed81a') in 0.031802 seconds
  Import took 0.040835 seconds .

========================================================================
Received Prepare
Registering precompiled user dll's ...
Registered in 0.002307 seconds.
Begin MonoManager ReloadAssembly
Native extension for Lumin target not found
Native extension for LinuxStandalone target not found
Native extension for WindowsStandalone target not found
Native extension for OSXStandalone target not found
Native extension for WebGL target not found
Refreshing native plugins compatible for Editor in 0.86 ms, found 0 plugins.
Preloading 0 native plugins for Editor in 0.00 ms.
Mono: successfully reloaded assembly
- Completed reload, in  5.172 seconds
Platform modules already initialized, skipping
Switching build target platform(5) subTarget(0) extendedPlatform(0) -> platform(21) subTarget(0) extendedPlatform(0)
Refreshing native plugins compatible for Editor in 0.56 ms, found 0 plugins.
Preloading 0 native plugins for Editor in 0.00 ms.
Unloading 1119 Unused Serialized files (Serialized files now loaded: 0)
System memory in use before: 62.1 MB.
System memory in use after: 62.2 MB.

Unloading 5 unused Assets to reduce memory usage. Loaded Objects now: 1659.
Total: 7.958900 ms (FindLiveObjects: 0.642400 ms CreateObjectMapping: 0.234100 ms MarkObjects: 6.865400 ms  DeleteObjects: 0.205500 ms)

========================================================================
Received Prepare
Registering precompiled user dll's ...
Registered in 0.002504 seconds.
Begin MonoManager ReloadAssembly
Native extension for Lumin target not found
Native extension for LinuxStandalone target not found
Native extension for WindowsStandalone target not found
Native extension for OSXStandalone target not found
Native extension for WebGL target not found
Refreshing native plugins compatible for Editor in 0.81 ms, found 0 plugins.
Preloading 0 native plugins for Editor in 0.00 ms.
Mono: successfully reloaded assembly
- Completed reload, in  3.879 seconds
Platform modules already initialized, skipping
Switching build target platform(5) subTarget(0) extendedPlatform(0) -> platform(21) subTarget(0) extendedPlatform(0)
Refreshing native plugins compatible for Editor in 0.66 ms, found 0 plugins.
Preloading 0 native plugins for Editor in 0.00 ms.
Unloading 1119 Unused Serialized files (Serialized files now loaded: 0)
System memory in use before: 62.1 MB.
System memory in use after: 62.2 MB.

Unloading 5 unused Assets to reduce memory usage. Loaded Objects now: 1662.
Total: 5.292300 ms (FindLiveObjects: 0.405900 ms CreateObjectMapping: 0.160100 ms MarkObjects: 4.584900 ms  DeleteObjects: 0.138500 ms)

========================================================================
Received Import Request.
  Time since last request: 898.413931 seconds.
  path: Assets/Paletizador/Prefabs/CabeceraPaletizador.prefab
  artifactKey: Guid(4334771013b9272409c2d7f87097ceb2) Importer(815301076,1909f56bfc062723c751e8b465ee728b)
Start importing Assets/Paletizador/Prefabs/CabeceraPaletizador.prefab using Guid(4334771013b9272409c2d7f87097ceb2) Importer(815301076,1909f56bfc062723c751e8b465ee728b)  -> (artifact id: '9f78ece59cd127bae6a193ebaf372ca6') in 0.464946 seconds
  Import took 0.475094 seconds .

========================================================================
Received Prepare
Registering precompiled user dll's ...
Registered in 0.001764 seconds.
Begin MonoManager ReloadAssembly
Native extension for Lumin target not found
Native extension for LinuxStandalone target not found
Native extension for WindowsStandalone target not found
Native extension for OSXStandalone target not found
Native extension for WebGL target not found
Refreshing native plugins compatible for Editor in 0.89 ms, found 0 plugins.
Preloading 0 native plugins for Editor in 0.00 ms.
Mono: successfully reloaded assembly
- Completed reload, in  3.854 seconds
Platform modules already initialized, skipping
Switching build target platform(5) subTarget(0) extendedPlatform(0) -> platform(21) subTarget(0) extendedPlatform(0)
Refreshing native plugins compatible for Editor in 0.83 ms, found 0 plugins.
Preloading 0 native plugins for Editor in 0.00 ms.
Unloading 1119 Unused Serialized files (Serialized files now loaded: 0)
System memory in use before: 62.1 MB.
System memory in use after: 62.2 MB.

Unloading 6 unused Assets to reduce memory usage. Loaded Objects now: 1665.
Total: 5.413400 ms (FindLiveObjects: 0.629700 ms CreateObjectMapping: 0.219900 ms MarkObjects: 4.301000 ms  DeleteObjects: 0.257500 ms)

========================================================================
Received Prepare
Registering precompiled user dll's ...
Registered in 0.001735 seconds.
Begin MonoManager ReloadAssembly
Native extension for Lumin target not found
Native extension for LinuxStandalone target not found
Native extension for WindowsStandalone target not found
Native extension for OSXStandalone target not found
Native extension for WebGL target not found
Refreshing native plugins compatible for Editor in 0.55 ms, found 0 plugins.
Preloading 0 native plugins for Editor in 0.00 ms.
Mono: successfully reloaded assembly
- Completed reload, in  3.835 seconds
Platform modules already initialized, skipping
Switching build target platform(5) subTarget(0) extendedPlatform(0) -> platform(21) subTarget(0) extendedPlatform(0)
Refreshing native plugins compatible for Editor in 0.65 ms, found 0 plugins.
Preloading 0 native plugins for Editor in 0.00 ms.
Unloading 1119 Unused Serialized files (Serialized files now loaded: 0)
System memory in use before: 62.1 MB.
System memory in use after: 62.2 MB.

Unloading 5 unused Assets to reduce memory usage. Loaded Objects now: 1668.
Total: 5.419300 ms (FindLiveObjects: 0.410600 ms CreateObjectMapping: 0.143300 ms MarkObjects: 4.703600 ms  DeleteObjects: 0.157600 ms)

========================================================================
Received Prepare
Registering precompiled user dll's ...
Registered in 0.001791 seconds.
Begin MonoManager ReloadAssembly
Native extension for Lumin target not found
Native extension for LinuxStandalone target not found
Native extension for WindowsStandalone target not found
Native extension for OSXStandalone target not found
Native extension for WebGL target not found
Refreshing native plugins compatible for Editor in 0.80 ms, found 0 plugins.
Preloading 0 native plugins for Editor in 0.00 ms.
Mono: successfully reloaded assembly
- Completed reload, in  3.998 seconds
Platform modules already initialized, skipping
Switching build target platform(5) subTarget(0) extendedPlatform(0) -> platform(21) subTarget(0) extendedPlatform(0)
Refreshing native plugins compatible for Editor in 0.59 ms, found 0 plugins.
Preloading 0 native plugins for Editor in 0.00 ms.
Unloading 1119 Unused Serialized files (Serialized files now loaded: 0)
System memory in use before: 62.1 MB.
System memory in use after: 62.2 MB.

Unloading 5 unused Assets to reduce memory usage. Loaded Objects now: 1671.
Total: 6.877000 ms (FindLiveObjects: 1.062900 ms CreateObjectMapping: 0.240300 ms MarkObjects: 5.416500 ms  DeleteObjects: 0.139500 ms)

========================================================================
Received Prepare
Registering precompiled user dll's ...
Registered in 0.002133 seconds.
Begin MonoManager ReloadAssembly
Native extension for Lumin target not found
Native extension for LinuxStandalone target not found
Native extension for WindowsStandalone target not found
Native extension for OSXStandalone target not found
Native extension for WebGL target not found
Refreshing native plugins compatible for Editor in 0.71 ms, found 0 plugins.
Preloading 0 native plugins for Editor in 0.00 ms.
Mono: successfully reloaded assembly
- Completed reload, in  4.444 seconds
Platform modules already initialized, skipping
Switching build target platform(5) subTarget(0) extendedPlatform(0) -> platform(21) subTarget(0) extendedPlatform(0)
Refreshing native plugins compatible for Editor in 0.89 ms, found 0 plugins.
Preloading 0 native plugins for Editor in 0.00 ms.
Unloading 1119 Unused Serialized files (Serialized files now loaded: 0)
System memory in use before: 62.1 MB.
System memory in use after: 62.2 MB.

Unloading 5 unused Assets to reduce memory usage. Loaded Objects now: 1674.
Total: 7.633400 ms (FindLiveObjects: 0.366000 ms CreateObjectMapping: 0.157500 ms MarkObjects: 6.901700 ms  DeleteObjects: 0.203400 ms)

========================================================================
Received Prepare
Registering precompiled user dll's ...
Registered in 0.000538 seconds.
Begin MonoManager ReloadAssembly
Native extension for Lumin target not found
Native extension for LinuxStandalone target not found
Native extension for WindowsStandalone target not found
Native extension for OSXStandalone target not found
Native extension for WebGL target not found
Refreshing native plugins compatible for Editor in 0.31 ms, found 0 plugins.
Preloading 0 native plugins for Editor in 0.00 ms.
Mono: successfully reloaded assembly
- Completed reload, in  1.196 seconds
Platform modules already initialized, skipping
Switching build target platform(5) subTarget(0) extendedPlatform(0) -> platform(21) subTarget(0) extendedPlatform(0)
Refreshing native plugins compatible for Editor in 0.23 ms, found 0 plugins.
Preloading 0 native plugins for Editor in 0.00 ms.
Unloading 1119 Unused Serialized files (Serialized files now loaded: 0)
System memory in use before: 62.1 MB.
System memory in use after: 62.2 MB.

Unloading 5 unused Assets to reduce memory usage. Loaded Objects now: 1677.
Total: 2.116500 ms (FindLiveObjects: 0.267500 ms CreateObjectMapping: 0.085300 ms MarkObjects: 1.696900 ms  DeleteObjects: 0.060300 ms)

========================================================================
Received Import Request.
  Time since last request: 2063.446806 seconds.
  path: Assets/Paletizador/Prefabs/CabeceraPaletizador.prefab
  artifactKey: Guid(4334771013b9272409c2d7f87097ceb2) Importer(815301076,1909f56bfc062723c751e8b465ee728b)
Start importing Assets/Paletizador/Prefabs/CabeceraPaletizador.prefab using Guid(4334771013b9272409c2d7f87097ceb2) Importer(815301076,1909f56bfc062723c751e8b465ee728b)  -> (artifact id: '130e18bfdd8085eb215d7cdf2bedfcfd') in 0.091023 seconds
  Import took 0.093435 seconds .

========================================================================
Received Import Request.
  Time since last request: 0.008849 seconds.
  path: Assets/Paletizador/Prefabs/CabeceraPaletizador.prefab
  artifactKey: Guid(4334771013b9272409c2d7f87097ceb2) Importer(815301076,1909f56bfc062723c751e8b465ee728b)
Start importing Assets/Paletizador/Prefabs/CabeceraPaletizador.prefab using Guid(4334771013b9272409c2d7f87097ceb2) Importer(815301076,1909f56bfc062723c751e8b465ee728b)  -> (artifact id: '130e18bfdd8085eb215d7cdf2bedfcfd') in 0.032295 seconds
  Import took 0.034733 seconds .

========================================================================
Received Prepare
Registering precompiled user dll's ...
Registered in 0.000804 seconds.
Begin MonoManager ReloadAssembly
Native extension for Lumin target not found
Native extension for LinuxStandalone target not found
Native extension for WindowsStandalone target not found
Native extension for OSXStandalone target not found
Native extension for WebGL target not found
Refreshing native plugins compatible for Editor in 0.23 ms, found 0 plugins.
Preloading 0 native plugins for Editor in 0.00 ms.
Mono: successfully reloaded assembly
- Completed reload, in  1.129 seconds
Platform modules already initialized, skipping
Switching build target platform(5) subTarget(0) extendedPlatform(0) -> platform(21) subTarget(0) extendedPlatform(0)
Refreshing native plugins compatible for Editor in 0.19 ms, found 0 plugins.
Preloading 0 native plugins for Editor in 0.00 ms.
Unloading 1119 Unused Serialized files (Serialized files now loaded: 0)
System memory in use before: 62.1 MB.
System memory in use after: 62.2 MB.

Unloading 6 unused Assets to reduce memory usage. Loaded Objects now: 1680.
Total: 1.764900 ms (FindLiveObjects: 0.182200 ms CreateObjectMapping: 0.065600 ms MarkObjects: 1.460600 ms  DeleteObjects: 0.055000 ms)

========================================================================
Received Prepare
Registering precompiled user dll's ...
Registered in 0.000468 seconds.
Begin MonoManager ReloadAssembly
Native extension for Lumin target not found
Native extension for LinuxStandalone target not found
Native extension for WindowsStandalone target not found
Native extension for OSXStandalone target not found
Native extension for WebGL target not found
Refreshing native plugins compatible for Editor in 0.46 ms, found 0 plugins.
Preloading 0 native plugins for Editor in 0.00 ms.
Mono: successfully reloaded assembly
- Completed reload, in  1.022 seconds
Platform modules already initialized, skipping
Switching build target platform(5) subTarget(0) extendedPlatform(0) -> platform(21) subTarget(0) extendedPlatform(0)
Refreshing native plugins compatible for Editor in 0.24 ms, found 0 plugins.
Preloading 0 native plugins for Editor in 0.00 ms.
Unloading 1120 Unused Serialized files (Serialized files now loaded: 0)
System memory in use before: 62.2 MB.
System memory in use after: 62.3 MB.

Unloading 5 unused Assets to reduce memory usage. Loaded Objects now: 1684.
Total: 2.050900 ms (FindLiveObjects: 0.172600 ms CreateObjectMapping: 0.042000 ms MarkObjects: 1.780300 ms  DeleteObjects: 0.054600 ms)

========================================================================
Received Prepare
Registering precompiled user dll's ...
Registered in 0.000559 seconds.
Begin MonoManager ReloadAssembly
Native extension for Lumin target not found
Native extension for LinuxStandalone target not found
Native extension for WindowsStandalone target not found
Native extension for OSXStandalone target not found
Native extension for WebGL target not found
Refreshing native plugins compatible for Editor in 0.20 ms, found 0 plugins.
Preloading 0 native plugins for Editor in 0.00 ms.
Mono: successfully reloaded assembly
- Completed reload, in  1.008 seconds
Platform modules already initialized, skipping
Switching build target platform(5) subTarget(0) extendedPlatform(0) -> platform(21) subTarget(0) extendedPlatform(0)
Refreshing native plugins compatible for Editor in 0.19 ms, found 0 plugins.
Preloading 0 native plugins for Editor in 0.00 ms.
Unloading 1120 Unused Serialized files (Serialized files now loaded: 0)
System memory in use before: 62.2 MB.
System memory in use after: 62.3 MB.

Unloading 5 unused Assets to reduce memory usage. Loaded Objects now: 1687.
Total: 2.344200 ms (FindLiveObjects: 0.256200 ms CreateObjectMapping: 0.066100 ms MarkObjects: 1.971400 ms  DeleteObjects: 0.049000 ms)

========================================================================
Received Prepare
Registering precompiled user dll's ...
Registered in 0.000461 seconds.
Begin MonoManager ReloadAssembly
Native extension for Lumin target not found
Native extension for LinuxStandalone target not found
Native extension for WindowsStandalone target not found
Native extension for OSXStandalone target not found
Native extension for WebGL target not found
Refreshing native plugins compatible for Editor in 0.20 ms, found 0 plugins.
Preloading 0 native plugins for Editor in 0.00 ms.
Mono: successfully reloaded assembly
- Completed reload, in  1.072 seconds
Platform modules already initialized, skipping
Switching build target platform(5) subTarget(0) extendedPlatform(0) -> platform(21) subTarget(0) extendedPlatform(0)
Refreshing native plugins compatible for Editor in 0.22 ms, found 0 plugins.
Preloading 0 native plugins for Editor in 0.00 ms.
Unloading 1120 Unused Serialized files (Serialized files now loaded: 0)
System memory in use before: 62.2 MB.
System memory in use after: 62.3 MB.

Unloading 5 unused Assets to reduce memory usage. Loaded Objects now: 1690.
Total: 1.913300 ms (FindLiveObjects: 0.152700 ms CreateObjectMapping: 0.053900 ms MarkObjects: 1.633600 ms  DeleteObjects: 0.072100 ms)

========================================================================
Received Import Request.
  Time since last request: 839.816897 seconds.
  path: Assets/Paletizador/Prefabs/CabeceraPaletizador.prefab
  artifactKey: Guid(4334771013b9272409c2d7f87097ceb2) Importer(815301076,1909f56bfc062723c751e8b465ee728b)
Start importing Assets/Paletizador/Prefabs/CabeceraPaletizador.prefab using Guid(4334771013b9272409c2d7f87097ceb2) Importer(815301076,1909f56bfc062723c751e8b465ee728b)  -> (artifact id: '11f6e5039a86a2c79d05d75aa31f3213') in 0.079931 seconds
  Import took 0.082313 seconds .

========================================================================
Received Import Request.
  Time since last request: 1.203050 seconds.
  path: Assets/Paletizador/Prefabs/TituloCabeceraPaletizador.cs
  artifactKey: Guid(869a26d8aea22f646be7179077f01331) Importer(815301076,1909f56bfc062723c751e8b465ee728b)
Start importing Assets/Paletizador/Prefabs/TituloCabeceraPaletizador.cs using Guid(869a26d8aea22f646be7179077f01331) Importer(815301076,1909f56bfc062723c751e8b465ee728b)  -> (artifact id: '22cf115bd0a742dbca6216b84fdb1cba') in 0.009007 seconds
  Import took 0.011109 seconds .

========================================================================
Received Import Request.
  Time since last request: 0.001881 seconds.
  path: Assets/Paletizador/Prefabs/TituloCabeceraPaletizador.cs
  artifactKey: Guid(869a26d8aea22f646be7179077f01331) Importer(815301076,1909f56bfc062723c751e8b465ee728b)
Start importing Assets/Paletizador/Prefabs/TituloCabeceraPaletizador.cs using Guid(869a26d8aea22f646be7179077f01331) Importer(815301076,1909f56bfc062723c751e8b465ee728b)  -> (artifact id: '22cf115bd0a742dbca6216b84fdb1cba') in 0.002520 seconds
  Import took 0.004774 seconds .

========================================================================
Received Prepare
Registering precompiled user dll's ...
Registered in 0.000478 seconds.
Begin MonoManager ReloadAssembly
Native extension for Lumin target not found
Native extension for LinuxStandalone target not found
Native extension for WindowsStandalone target not found
Native extension for OSXStandalone target not found
Native extension for WebGL target not found
Refreshing native plugins compatible for Editor in 0.20 ms, found 0 plugins.
Preloading 0 native plugins for Editor in 0.00 ms.
Mono: successfully reloaded assembly
- Completed reload, in  1.073 seconds
Platform modules already initialized, skipping
Switching build target platform(5) subTarget(0) extendedPlatform(0) -> platform(21) subTarget(0) extendedPlatform(0)
Refreshing native plugins compatible for Editor in 0.20 ms, found 0 plugins.
Preloading 0 native plugins for Editor in 0.00 ms.
Unloading 1119 Unused Serialized files (Serialized files now loaded: 0)
System memory in use before: 62.2 MB.
System memory in use after: 62.3 MB.

Unloading 7 unused Assets to reduce memory usage. Loaded Objects now: 1692.
Total: 1.856100 ms (FindLiveObjects: 0.197900 ms CreateObjectMapping: 0.045900 ms MarkObjects: 1.543400 ms  DeleteObjects: 0.065800 ms)

========================================================================
Received Prepare
Registering precompiled user dll's ...
Registered in 0.000833 seconds.
Begin MonoManager ReloadAssembly
Native extension for Lumin target not found
Native extension for LinuxStandalone target not found
Native extension for WindowsStandalone target not found
Native extension for OSXStandalone target not found
Native extension for WebGL target not found
Refreshing native plugins compatible for Editor in 0.20 ms, found 0 plugins.
Preloading 0 native plugins for Editor in 0.00 ms.
Mono: successfully reloaded assembly
- Completed reload, in  0.943 seconds
Platform modules already initialized, skipping
Switching build target platform(5) subTarget(0) extendedPlatform(0) -> platform(21) subTarget(0) extendedPlatform(0)
Refreshing native plugins compatible for Editor in 0.19 ms, found 0 plugins.
Preloading 0 native plugins for Editor in 0.00 ms.
Unloading 1119 Unused Serialized files (Serialized files now loaded: 0)
System memory in use before: 62.2 MB.
System memory in use after: 62.3 MB.

Unloading 5 unused Assets to reduce memory usage. Loaded Objects now: 1695.
Total: 1.986000 ms (FindLiveObjects: 0.243300 ms CreateObjectMapping: 0.074600 ms MarkObjects: 1.613900 ms  DeleteObjects: 0.052600 ms)

========================================================================
Received Prepare
Registering precompiled user dll's ...
Registered in 0.000579 seconds.
Begin MonoManager ReloadAssembly
Native extension for Lumin target not found
Native extension for LinuxStandalone target not found
Native extension for WindowsStandalone target not found
Native extension for OSXStandalone target not found
Native extension for WebGL target not found
Refreshing native plugins compatible for Editor in 0.20 ms, found 0 plugins.
Preloading 0 native plugins for Editor in 0.00 ms.
Mono: successfully reloaded assembly
- Completed reload, in  0.875 seconds
Platform modules already initialized, skipping
Switching build target platform(5) subTarget(0) extendedPlatform(0) -> platform(21) subTarget(0) extendedPlatform(0)
Refreshing native plugins compatible for Editor in 0.21 ms, found 0 plugins.
Preloading 0 native plugins for Editor in 0.00 ms.
Unloading 1119 Unused Serialized files (Serialized files now loaded: 0)
System memory in use before: 62.2 MB.
System memory in use after: 62.3 MB.

Unloading 5 unused Assets to reduce memory usage. Loaded Objects now: 1698.
Total: 1.899000 ms (FindLiveObjects: 0.149500 ms CreateObjectMapping: 0.039100 ms MarkObjects: 1.660600 ms  DeleteObjects: 0.049000 ms)

========================================================================
Received Prepare
Registering precompiled user dll's ...
Registered in 0.000593 seconds.
Begin MonoManager ReloadAssembly
Native extension for Lumin target not found
Native extension for LinuxStandalone target not found
Native extension for WindowsStandalone target not found
Native extension for OSXStandalone target not found
Native extension for WebGL target not found
Refreshing native plugins compatible for Editor in 0.20 ms, found 0 plugins.
Preloading 0 native plugins for Editor in 0.00 ms.
Mono: successfully reloaded assembly
- Completed reload, in  0.887 seconds
Platform modules already initialized, skipping
Switching build target platform(5) subTarget(0) extendedPlatform(0) -> platform(21) subTarget(0) extendedPlatform(0)
Refreshing native plugins compatible for Editor in 0.20 ms, found 0 plugins.
Preloading 0 native plugins for Editor in 0.00 ms.
Unloading 1119 Unused Serialized files (Serialized files now loaded: 0)
System memory in use before: 62.2 MB.
System memory in use after: 62.3 MB.

Unloading 5 unused Assets to reduce memory usage. Loaded Objects now: 1701.
Total: 1.934700 ms (FindLiveObjects: 0.197500 ms CreateObjectMapping: 0.048500 ms MarkObjects: 1.639600 ms  DeleteObjects: 0.047700 ms)

========================================================================
Received Import Request.
  Time since last request: 224.202437 seconds.
  path: Assets/Paletizador/Prefabs/CabeceraPaletizador.prefab
  artifactKey: Guid(4334771013b9272409c2d7f87097ceb2) Importer(815301076,1909f56bfc062723c751e8b465ee728b)
Start importing Assets/Paletizador/Prefabs/CabeceraPaletizador.prefab using Guid(4334771013b9272409c2d7f87097ceb2) Importer(815301076,1909f56bfc062723c751e8b465ee728b)  -> (artifact id: '2256f7d232ee8454dfbfd60b330d695f') in 0.091330 seconds
  Import took 0.093620 seconds .

========================================================================
Received Import Request.
  Time since last request: 5.498153 seconds.
  path: Assets/Paletizador/Prefabs/CabeceraPaletizador.prefab
  artifactKey: Guid(4334771013b9272409c2d7f87097ceb2) Importer(815301076,1909f56bfc062723c751e8b465ee728b)
Start importing Assets/Paletizador/Prefabs/CabeceraPaletizador.prefab using Guid(4334771013b9272409c2d7f87097ceb2) Importer(815301076,1909f56bfc062723c751e8b465ee728b)  -> (artifact id: '3c1986877381c12c9776c45d6e0fdd71') in 0.035262 seconds
  Import took 0.038793 seconds .

========================================================================
Received Import Request.
  Time since last request: 8.225768 seconds.
  path: Assets/Paletizador/Prefabs/CabeceraPaletizador.prefab
  artifactKey: Guid(4334771013b9272409c2d7f87097ceb2) Importer(815301076,1909f56bfc062723c751e8b465ee728b)
Start importing Assets/Paletizador/Prefabs/CabeceraPaletizador.prefab using Guid(4334771013b9272409c2d7f87097ceb2) Importer(815301076,1909f56bfc062723c751e8b465ee728b)  -> (artifact id: '9509bea05a7dbda2e23d7922bfed368b') in 0.025290 seconds
  Import took 0.029055 seconds .

========================================================================
Received Import Request.
  Time since last request: 8.302895 seconds.
  path: Assets/Paletizador/Prefabs/CabeceraPaletizador.prefab
  artifactKey: Guid(4334771013b9272409c2d7f87097ceb2) Importer(815301076,1909f56bfc062723c751e8b465ee728b)
Start importing Assets/Paletizador/Prefabs/CabeceraPaletizador.prefab using Guid(4334771013b9272409c2d7f87097ceb2) Importer(815301076,1909f56bfc062723c751e8b465ee728b)  -> (artifact id: 'a8f57b3750930ed39ef6271ffb9722f6') in 0.028892 seconds
  Import took 0.032250 seconds .

========================================================================
Received Prepare
Registering precompiled user dll's ...
Registered in 0.000705 seconds.
Begin MonoManager ReloadAssembly
Native extension for Lumin target not found
Native extension for LinuxStandalone target not found
Native extension for WindowsStandalone target not found
Native extension for OSXStandalone target not found
Native extension for WebGL target not found
Refreshing native plugins compatible for Editor in 0.21 ms, found 0 plugins.
Preloading 0 native plugins for Editor in 0.00 ms.
Mono: successfully reloaded assembly
- Completed reload, in  1.146 seconds
Platform modules already initialized, skipping
Switching build target platform(5) subTarget(0) extendedPlatform(0) -> platform(21) subTarget(0) extendedPlatform(0)
Refreshing native plugins compatible for Editor in 0.23 ms, found 0 plugins.
Preloading 0 native plugins for Editor in 0.00 ms.
Unloading 1119 Unused Serialized files (Serialized files now loaded: 0)
System memory in use before: 62.3 MB.
System memory in use after: 62.3 MB.

Unloading 6 unused Assets to reduce memory usage. Loaded Objects now: 1704.
Total: 1.995300 ms (FindLiveObjects: 0.159600 ms CreateObjectMapping: 0.046100 ms MarkObjects: 1.721500 ms  DeleteObjects: 0.066800 ms)

========================================================================
Received Import Request.
  Time since last request: 125.488141 seconds.
  path: Assets/Paletizador/Prefabs/CabeceraPaletizador.prefab
  artifactKey: Guid(4334771013b9272409c2d7f87097ceb2) Importer(815301076,1909f56bfc062723c751e8b465ee728b)
Start importing Assets/Paletizador/Prefabs/CabeceraPaletizador.prefab using Guid(4334771013b9272409c2d7f87097ceb2) Importer(815301076,1909f56bfc062723c751e8b465ee728b)  -> (artifact id: '5f33454e7c4241e0608a864ab248ae8f') in 0.093420 seconds
  Import took 0.095854 seconds .

========================================================================
Received Prepare
Registering precompiled user dll's ...
Registered in 0.000481 seconds.
Begin MonoManager ReloadAssembly
Native extension for Lumin target not found
Native extension for LinuxStandalone target not found
Native extension for WindowsStandalone target not found
Native extension for OSXStandalone target not found
Native extension for WebGL target not found
Refreshing native plugins compatible for Editor in 0.22 ms, found 0 plugins.
Preloading 0 native plugins for Editor in 0.00 ms.
Mono: successfully reloaded assembly
- Completed reload, in  1.092 seconds
Platform modules already initialized, skipping
Switching build target platform(5) subTarget(0) extendedPlatform(0) -> platform(21) subTarget(0) extendedPlatform(0)
Refreshing native plugins compatible for Editor in 0.19 ms, found 0 plugins.
Preloading 0 native plugins for Editor in 0.00 ms.
Unloading 1119 Unused Serialized files (Serialized files now loaded: 0)
System memory in use before: 62.3 MB.
System memory in use after: 62.3 MB.

Unloading 6 unused Assets to reduce memory usage. Loaded Objects now: 1707.
Total: 1.928200 ms (FindLiveObjects: 0.157700 ms CreateObjectMapping: 0.043200 ms MarkObjects: 1.671700 ms  DeleteObjects: 0.054400 ms)

========================================================================
Received Import Request.
  Time since last request: 102.156528 seconds.
  path: Assets/Paletizador/Escenas/@ConfiPallet.unity
  artifactKey: Guid(af4e7c9d17a7bcb489c2d051bc8b9777) Importer(815301076,1909f56bfc062723c751e8b465ee728b)
Start importing Assets/Paletizador/Escenas/@ConfiPallet.unity using Guid(af4e7c9d17a7bcb489c2d051bc8b9777) Importer(815301076,1909f56bfc062723c751e8b465ee728b)  -> (artifact id: '459d6b6709471e0fd99c82131219028b') in 0.013878 seconds
  Import took 0.016664 seconds .

========================================================================
Received Prepare
Registering precompiled user dll's ...
Registered in 0.000509 seconds.
Begin MonoManager ReloadAssembly
Native extension for Lumin target not found
Native extension for LinuxStandalone target not found
Native extension for WindowsStandalone target not found
Native extension for OSXStandalone target not found
Native extension for WebGL target not found
Refreshing native plugins compatible for Editor in 0.20 ms, found 0 plugins.
Preloading 0 native plugins for Editor in 0.00 ms.
Mono: successfully reloaded assembly
- Completed reload, in  0.901 seconds
Platform modules already initialized, skipping
Switching build target platform(5) subTarget(0) extendedPlatform(0) -> platform(21) subTarget(0) extendedPlatform(0)
Refreshing native plugins compatible for Editor in 0.20 ms, found 0 plugins.
Preloading 0 native plugins for Editor in 0.00 ms.
Unloading 1119 Unused Serialized files (Serialized files now loaded: 0)
System memory in use before: 62.3 MB.
System memory in use after: 62.3 MB.

Unloading 5 unused Assets to reduce memory usage. Loaded Objects now: 1710.
Total: 1.748900 ms (FindLiveObjects: 0.179200 ms CreateObjectMapping: 0.042400 ms MarkObjects: 1.467900 ms  DeleteObjects: 0.057700 ms)

========================================================================
Received Prepare
Registering precompiled user dll's ...
Registered in 0.000659 seconds.
Begin MonoManager ReloadAssembly
Native extension for Lumin target not found
Native extension for LinuxStandalone target not found
Native extension for WindowsStandalone target not found
Native extension for OSXStandalone target not found
Native extension for WebGL target not found
Refreshing native plugins compatible for Editor in 0.23 ms, found 0 plugins.
Preloading 0 native plugins for Editor in 0.00 ms.
Mono: successfully reloaded assembly
- Completed reload, in  1.172 seconds
Platform modules already initialized, skipping
Switching build target platform(5) subTarget(0) extendedPlatform(0) -> platform(21) subTarget(0) extendedPlatform(0)
Refreshing native plugins compatible for Editor in 0.27 ms, found 0 plugins.
Preloading 0 native plugins for Editor in 0.00 ms.
Unloading 1119 Unused Serialized files (Serialized files now loaded: 0)
System memory in use before: 62.3 MB.
System memory in use after: 62.3 MB.

Unloading 5 unused Assets to reduce memory usage. Loaded Objects now: 1713.
Total: 2.227200 ms (FindLiveObjects: 0.263100 ms CreateObjectMapping: 0.063200 ms MarkObjects: 1.847300 ms  DeleteObjects: 0.052200 ms)

========================================================================
Received Import Request.
  Time since last request: 425.015325 seconds.
  path: Assets/Paletizador/Prefabs/CabeceraPaletizador.prefab
  artifactKey: Guid(4334771013b9272409c2d7f87097ceb2) Importer(815301076,1909f56bfc062723c751e8b465ee728b)
Start importing Assets/Paletizador/Prefabs/CabeceraPaletizador.prefab using Guid(4334771013b9272409c2d7f87097ceb2) Importer(815301076,1909f56bfc062723c751e8b465ee728b)  -> (artifact id: 'd3b92d83d20c0d9d77c806ec7a25f1e9') in 0.099755 seconds
  Import took 0.102222 seconds .

========================================================================
Received Import Request.
  Time since last request: 4.065867 seconds.
  path: Assets/Paletizador/Prefabs/CabeceraPaletizador.prefab
  artifactKey: Guid(4334771013b9272409c2d7f87097ceb2) Importer(815301076,1909f56bfc062723c751e8b465ee728b)
Start importing Assets/Paletizador/Prefabs/CabeceraPaletizador.prefab using Guid(4334771013b9272409c2d7f87097ceb2) Importer(815301076,1909f56bfc062723c751e8b465ee728b)  -> (artifact id: '0ec11462984d8ca5ca0af5e7574ae2f9') in 0.035780 seconds
  Import took 0.039135 seconds .

========================================================================
Received Import Request.
  Time since last request: 2.668844 seconds.
  path: Assets/Paletizador/Prefabs/CabeceraPaletizador.prefab
  artifactKey: Guid(4334771013b9272409c2d7f87097ceb2) Importer(815301076,1909f56bfc062723c751e8b465ee728b)
Start importing Assets/Paletizador/Prefabs/CabeceraPaletizador.prefab using Guid(4334771013b9272409c2d7f87097ceb2) Importer(815301076,1909f56bfc062723c751e8b465ee728b)  -> (artifact id: 'bd5f568beb97b736e5b11ccc2db69b92') in 0.037876 seconds
  Import took 0.040637 seconds .

========================================================================
Received Import Request.
  Time since last request: 2.683784 seconds.
  path: Assets/Paletizador/Prefabs/CabeceraPaletizador.prefab
  artifactKey: Guid(4334771013b9272409c2d7f87097ceb2) Importer(815301076,1909f56bfc062723c751e8b465ee728b)
Start importing Assets/Paletizador/Prefabs/CabeceraPaletizador.prefab using Guid(4334771013b9272409c2d7f87097ceb2) Importer(815301076,1909f56bfc062723c751e8b465ee728b)  -> (artifact id: '929928e129bc69adc2e361f4d1223675') in 0.031550 seconds
  Import took 0.034722 seconds .

========================================================================
Received Import Request.
  Time since last request: 13.994135 seconds.
  path: Assets/Paletizador/Escenas/@ConfiPallet.unity
  artifactKey: Guid(af4e7c9d17a7bcb489c2d051bc8b9777) Importer(815301076,1909f56bfc062723c751e8b465ee728b)
Start importing Assets/Paletizador/Escenas/@ConfiPallet.unity using Guid(af4e7c9d17a7bcb489c2d051bc8b9777) Importer(815301076,1909f56bfc062723c751e8b465ee728b)  -> (artifact id: '684cc14699a739c97f628f98a98a3b85') in 0.003020 seconds
  Import took 0.005469 seconds .

========================================================================
Received Prepare
Registering precompiled user dll's ...
Registered in 0.000480 seconds.
Begin MonoManager ReloadAssembly
Native extension for Lumin target not found
Native extension for LinuxStandalone target not found
Native extension for WindowsStandalone target not found
Native extension for OSXStandalone target not found
Native extension for WebGL target not found
Refreshing native plugins compatible for Editor in 0.19 ms, found 0 plugins.
Preloading 0 native plugins for Editor in 0.00 ms.
Mono: successfully reloaded assembly
- Completed reload, in  0.891 seconds
Platform modules already initialized, skipping
Switching build target platform(5) subTarget(0) extendedPlatform(0) -> platform(21) subTarget(0) extendedPlatform(0)
Refreshing native plugins compatible for Editor in 0.19 ms, found 0 plugins.
Preloading 0 native plugins for Editor in 0.00 ms.
Unloading 1119 Unused Serialized files (Serialized files now loaded: 0)
System memory in use before: 62.3 MB.
System memory in use after: 62.4 MB.

Unloading 6 unused Assets to reduce memory usage. Loaded Objects now: 1716.
Total: 2.034400 ms (FindLiveObjects: 0.203100 ms CreateObjectMapping: 0.056600 ms MarkObjects: 1.722400 ms  DeleteObjects: 0.050900 ms)

========================================================================
Received Import Request.
  Time since last request: 145.211721 seconds.
  path: Assets/Paletizador/Escenas/@ConfiMosaico.unity
  artifactKey: Guid(65154c75c7180064c849ae5817fee15c) Importer(815301076,1909f56bfc062723c751e8b465ee728b)
Start importing Assets/Paletizador/Escenas/@ConfiMosaico.unity using Guid(65154c75c7180064c849ae5817fee15c) Importer(815301076,1909f56bfc062723c751e8b465ee728b)  -> (artifact id: '92dfe934f329480ee21c26bd4a447c3c') in 0.014723 seconds
  Import took 0.016983 seconds .

========================================================================
Received Import Request.
  Time since last request: 108.382902 seconds.
  path: Assets/Paletizador/Prefabs/CabeceraPaletizador.prefab
  artifactKey: Guid(4334771013b9272409c2d7f87097ceb2) Importer(815301076,1909f56bfc062723c751e8b465ee728b)
Start importing Assets/Paletizador/Prefabs/CabeceraPaletizador.prefab using Guid(4334771013b9272409c2d7f87097ceb2) Importer(815301076,1909f56bfc062723c751e8b465ee728b)  -> (artifact id: '30465071742c2ed4dc0810f744e894e9') in 0.088539 seconds
  Import took 0.091069 seconds .

========================================================================
Received Import Request.
  Time since last request: 4.880366 seconds.
  path: Assets/Paletizador/Prefabs/CabeceraPaletizador.prefab
  artifactKey: Guid(4334771013b9272409c2d7f87097ceb2) Importer(815301076,1909f56bfc062723c751e8b465ee728b)
Start importing Assets/Paletizador/Prefabs/CabeceraPaletizador.prefab using Guid(4334771013b9272409c2d7f87097ceb2) Importer(815301076,1909f56bfc062723c751e8b465ee728b)  -> (artifact id: 'ca85e928f2900e3bb93d266729c7a3f1') in 0.029968 seconds
  Import took 0.032676 seconds .

========================================================================
Received Import Request.
  Time since last request: 5.746886 seconds.
  path: Assets/Paletizador/Prefabs/CabeceraPaletizador.prefab
  artifactKey: Guid(4334771013b9272409c2d7f87097ceb2) Importer(815301076,1909f56bfc062723c751e8b465ee728b)
Start importing Assets/Paletizador/Prefabs/CabeceraPaletizador.prefab using Guid(4334771013b9272409c2d7f87097ceb2) Importer(815301076,1909f56bfc062723c751e8b465ee728b)  -> (artifact id: '02349664bd8c75cd443e86145e8de6f7') in 0.035083 seconds
  Import took 0.038056 seconds .

========================================================================
Received Import Request.
  Time since last request: 10.835355 seconds.
  path: Assets/Paletizador/Prefabs/CabeceraPaletizador.prefab
  artifactKey: Guid(4334771013b9272409c2d7f87097ceb2) Importer(815301076,1909f56bfc062723c751e8b465ee728b)
Start importing Assets/Paletizador/Prefabs/CabeceraPaletizador.prefab using Guid(4334771013b9272409c2d7f87097ceb2) Importer(815301076,1909f56bfc062723c751e8b465ee728b)  -> (artifact id: '184ba89e132b3c43c7b356244afe395f') in 0.030704 seconds
  Import took 0.033310 seconds .

========================================================================
Received Import Request.
  Time since last request: 5.322188 seconds.
  path: Assets/Paletizador/Prefabs/CabeceraPaletizador.prefab
  artifactKey: Guid(4334771013b9272409c2d7f87097ceb2) Importer(815301076,1909f56bfc062723c751e8b465ee728b)
Start importing Assets/Paletizador/Prefabs/CabeceraPaletizador.prefab using Guid(4334771013b9272409c2d7f87097ceb2) Importer(815301076,1909f56bfc062723c751e8b465ee728b)  -> (artifact id: 'b2b6198ad6dccb1358cf5e272c94a011') in 0.031451 seconds
  Import took 0.034200 seconds .

========================================================================
Received Import Request.
  Time since last request: 4.422527 seconds.
  path: Assets/Paletizador/Prefabs/CabeceraPaletizador.prefab
  artifactKey: Guid(4334771013b9272409c2d7f87097ceb2) Importer(815301076,1909f56bfc062723c751e8b465ee728b)
Start importing Assets/Paletizador/Prefabs/CabeceraPaletizador.prefab using Guid(4334771013b9272409c2d7f87097ceb2) Importer(815301076,1909f56bfc062723c751e8b465ee728b)  -> (artifact id: 'b0f1774954cbadb7d8d28a32776b373e') in 0.032160 seconds
  Import took 0.035150 seconds .

========================================================================
Received Import Request.
  Time since last request: 3.419489 seconds.
  path: Assets/Paletizador/Prefabs/CabeceraPaletizador.prefab
  artifactKey: Guid(4334771013b9272409c2d7f87097ceb2) Importer(815301076,1909f56bfc062723c751e8b465ee728b)
Start importing Assets/Paletizador/Prefabs/CabeceraPaletizador.prefab using Guid(4334771013b9272409c2d7f87097ceb2) Importer(815301076,1909f56bfc062723c751e8b465ee728b)  -> (artifact id: 'd350cbc91bf3efbe99ff607cfdcd085b') in 0.028664 seconds
  Import took 0.031404 seconds .

========================================================================
Received Import Request.
  Time since last request: 11.505604 seconds.
  path: Assets/Paletizador/Prefabs/CabeceraPaletizador.prefab
  artifactKey: Guid(4334771013b9272409c2d7f87097ceb2) Importer(815301076,1909f56bfc062723c751e8b465ee728b)
Start importing Assets/Paletizador/Prefabs/CabeceraPaletizador.prefab using Guid(4334771013b9272409c2d7f87097ceb2) Importer(815301076,1909f56bfc062723c751e8b465ee728b)  -> (artifact id: '24ee79d0896502d7504a571c45d5ccf1') in 0.031710 seconds
  Import took 0.034802 seconds .

========================================================================
Received Import Request.
  Time since last request: 5.448753 seconds.
  path: Assets/Paletizador/Prefabs/CabeceraPaletizador.prefab
  artifactKey: Guid(4334771013b9272409c2d7f87097ceb2) Importer(815301076,1909f56bfc062723c751e8b465ee728b)
Start importing Assets/Paletizador/Prefabs/CabeceraPaletizador.prefab using Guid(4334771013b9272409c2d7f87097ceb2) Importer(815301076,1909f56bfc062723c751e8b465ee728b)  -> (artifact id: '23f9be2f9959216f00881cd213fcad4a') in 0.029574 seconds
  Import took 0.033588 seconds .

========================================================================
Received Import Request.
  Time since last request: 3.165473 seconds.
  path: Assets/Paletizador/Prefabs/CabeceraPaletizador.prefab
  artifactKey: Guid(4334771013b9272409c2d7f87097ceb2) Importer(815301076,1909f56bfc062723c751e8b465ee728b)
Start importing Assets/Paletizador/Prefabs/CabeceraPaletizador.prefab using Guid(4334771013b9272409c2d7f87097ceb2) Importer(815301076,1909f56bfc062723c751e8b465ee728b)  -> (artifact id: '62e9f3ced6302e927fe3e81d78e99564') in 0.026594 seconds
  Import took 0.028977 seconds .

========================================================================
Received Import Request.
  Time since last request: 3.752426 seconds.
  path: Assets/Paletizador/Prefabs/CabeceraPaletizador.prefab
  artifactKey: Guid(4334771013b9272409c2d7f87097ceb2) Importer(815301076,1909f56bfc062723c751e8b465ee728b)
Start importing Assets/Paletizador/Prefabs/CabeceraPaletizador.prefab using Guid(4334771013b9272409c2d7f87097ceb2) Importer(815301076,1909f56bfc062723c751e8b465ee728b)  -> (artifact id: 'adfb836e36eed5fbd264956416097748') in 0.032039 seconds
  Import took 0.035595 seconds .

========================================================================
Received Import Request.
  Time since last request: 8.640092 seconds.
  path: Assets/Paletizador/Prefabs/CabeceraPaletizador.prefab
  artifactKey: Guid(4334771013b9272409c2d7f87097ceb2) Importer(815301076,1909f56bfc062723c751e8b465ee728b)
Start importing Assets/Paletizador/Prefabs/CabeceraPaletizador.prefab using Guid(4334771013b9272409c2d7f87097ceb2) Importer(815301076,1909f56bfc062723c751e8b465ee728b)  -> (artifact id: '507382c740a66adb843af5bd0951e4b9') in 0.032529 seconds
  Import took 0.036951 seconds .

========================================================================
Received Import Request.
  Time since last request: 8.032034 seconds.
  path: Assets/Paletizador/Escenas/@ConfiMosaico.unity
  artifactKey: Guid(65154c75c7180064c849ae5817fee15c) Importer(815301076,1909f56bfc062723c751e8b465ee728b)
Start importing Assets/Paletizador/Escenas/@ConfiMosaico.unity using Guid(65154c75c7180064c849ae5817fee15c) Importer(815301076,1909f56bfc062723c751e8b465ee728b)  -> (artifact id: '6f985cf1a59db50f815226d4d39daae9') in 0.002518 seconds
  Import took 0.004468 seconds .

========================================================================
Received Prepare
Registering precompiled user dll's ...
Registered in 0.000588 seconds.
Begin MonoManager ReloadAssembly
Native extension for Lumin target not found
Native extension for LinuxStandalone target not found
Native extension for WindowsStandalone target not found
Native extension for OSXStandalone target not found
Native extension for WebGL target not found
Refreshing native plugins compatible for Editor in 0.29 ms, found 0 plugins.
Preloading 0 native plugins for Editor in 0.00 ms.
Mono: successfully reloaded assembly
- Completed reload, in  1.299 seconds
Platform modules already initialized, skipping
Switching build target platform(5) subTarget(0) extendedPlatform(0) -> platform(21) subTarget(0) extendedPlatform(0)
Refreshing native plugins compatible for Editor in 0.24 ms, found 0 plugins.
Preloading 0 native plugins for Editor in 0.00 ms.
Unloading 1119 Unused Serialized files (Serialized files now loaded: 0)
System memory in use before: 62.3 MB.
System memory in use after: 62.4 MB.

Unloading 6 unused Assets to reduce memory usage. Loaded Objects now: 1719.
Total: 2.236100 ms (FindLiveObjects: 0.179500 ms CreateObjectMapping: 0.075200 ms MarkObjects: 1.917100 ms  DeleteObjects: 0.062900 ms)

========================================================================
Received Import Request.
  Time since last request: 118.625174 seconds.
  path: Assets/Paletizador/Escenas/@ConfiMosaico.unity
  artifactKey: Guid(65154c75c7180064c849ae5817fee15c) Importer(815301076,1909f56bfc062723c751e8b465ee728b)
Start importing Assets/Paletizador/Escenas/@ConfiMosaico.unity using Guid(65154c75c7180064c849ae5817fee15c) Importer(815301076,1909f56bfc062723c751e8b465ee728b)  -> (artifact id: '7bf13dbbe56bd7f10d08955f92f4cde9') in 0.013058 seconds
  Import took 0.016106 seconds .

========================================================================
Received Import Request.
  Time since last request: 81.544917 seconds.
  path: Assets/Paletizador/Escenas/@ConfiCaja.unity
  artifactKey: Guid(f75a22270dd1ea5489d652159396dfc3) Importer(815301076,1909f56bfc062723c751e8b465ee728b)
Start importing Assets/Paletizador/Escenas/@ConfiCaja.unity using Guid(f75a22270dd1ea5489d652159396dfc3) Importer(815301076,1909f56bfc062723c751e8b465ee728b)  -> (artifact id: '2d0566b68e0fa73b5d567f9d5d1aa98c') in 0.008559 seconds
  Import took 0.010804 seconds .

========================================================================
Received Import Request.
  Time since last request: 95.041084 seconds.
  path: Assets/Paletizador/Escenas/@ConfiCaja.unity
  artifactKey: Guid(f75a22270dd1ea5489d652159396dfc3) Importer(815301076,1909f56bfc062723c751e8b465ee728b)
Start importing Assets/Paletizador/Escenas/@ConfiCaja.unity using Guid(f75a22270dd1ea5489d652159396dfc3) Importer(815301076,1909f56bfc062723c751e8b465ee728b)  -> (artifact id: '4e092111cf095fcb928d10411a9899ad') in 0.002398 seconds
  Import took 0.005438 seconds .

========================================================================
Received Prepare
Registering precompiled user dll's ...
Registered in 0.000513 seconds.
Begin MonoManager ReloadAssembly
Native extension for Lumin target not found
Native extension for LinuxStandalone target not found
Native extension for WindowsStandalone target not found
Native extension for OSXStandalone target not found
Native extension for WebGL target not found
Refreshing native plugins compatible for Editor in 0.21 ms, found 0 plugins.
Preloading 0 native plugins for Editor in 0.00 ms.
Mono: successfully reloaded assembly
- Completed reload, in  0.968 seconds
Platform modules already initialized, skipping
Switching build target platform(5) subTarget(0) extendedPlatform(0) -> platform(21) subTarget(0) extendedPlatform(0)
Refreshing native plugins compatible for Editor in 0.21 ms, found 0 plugins.
Preloading 0 native plugins for Editor in 0.00 ms.
Unloading 1119 Unused Serialized files (Serialized files now loaded: 0)
System memory in use before: 62.3 MB.
System memory in use after: 62.4 MB.

Unloading 5 unused Assets to reduce memory usage. Loaded Objects now: 1722.
Total: 1.765300 ms (FindLiveObjects: 0.177900 ms CreateObjectMapping: 0.044000 ms MarkObjects: 1.487200 ms  DeleteObjects: 0.055000 ms)

========================================================================
Received Prepare
Registering precompiled user dll's ...
Registered in 0.000643 seconds.
Begin MonoManager ReloadAssembly
Native extension for Lumin target not found
Native extension for LinuxStandalone target not found
Native extension for WindowsStandalone target not found
Native extension for OSXStandalone target not found
Native extension for WebGL target not found
Refreshing native plugins compatible for Editor in 0.21 ms, found 0 plugins.
Preloading 0 native plugins for Editor in 0.00 ms.
Mono: successfully reloaded assembly
- Completed reload, in  1.278 seconds
Platform modules already initialized, skipping
Switching build target platform(5) subTarget(0) extendedPlatform(0) -> platform(21) subTarget(0) extendedPlatform(0)
Refreshing native plugins compatible for Editor in 0.53 ms, found 0 plugins.
Preloading 0 native plugins for Editor in 0.00 ms.
Unloading 1119 Unused Serialized files (Serialized files now loaded: 0)
System memory in use before: 62.3 MB.
System memory in use after: 62.4 MB.

Unloading 5 unused Assets to reduce memory usage. Loaded Objects now: 1725.
Total: 2.316400 ms (FindLiveObjects: 0.281900 ms CreateObjectMapping: 0.092100 ms MarkObjects: 1.879500 ms  DeleteObjects: 0.060300 ms)

========================================================================
Received Import Request.
  Time since last request: 116.563961 seconds.
  path: Assets/Paletizador/Prefabs/CabeceraPaletizador.prefab
  artifactKey: Guid(4334771013b9272409c2d7f87097ceb2) Importer(815301076,1909f56bfc062723c751e8b465ee728b)
Start importing Assets/Paletizador/Prefabs/CabeceraPaletizador.prefab using Guid(4334771013b9272409c2d7f87097ceb2) Importer(815301076,1909f56bfc062723c751e8b465ee728b)  -> (artifact id: '586738de7f1df110bd30d52533ecf7bd') in 0.112732 seconds
  Import took 0.115758 seconds .

========================================================================
Received Import Request.
  Time since last request: 4.043157 seconds.
  path: Assets/Paletizador/Prefabs/CabeceraPaletizador.prefab
  artifactKey: Guid(4334771013b9272409c2d7f87097ceb2) Importer(815301076,1909f56bfc062723c751e8b465ee728b)
Start importing Assets/Paletizador/Prefabs/CabeceraPaletizador.prefab using Guid(4334771013b9272409c2d7f87097ceb2) Importer(815301076,1909f56bfc062723c751e8b465ee728b)  -> (artifact id: 'e9e7a6a34297b58a446035e957041e19') in 0.036707 seconds
  Import took 0.040830 seconds .

========================================================================
Received Import Request.
  Time since last request: 7.220243 seconds.
  path: Assets/Paletizador/Prefabs/CabeceraPaletizador.prefab
  artifactKey: Guid(4334771013b9272409c2d7f87097ceb2) Importer(815301076,1909f56bfc062723c751e8b465ee728b)
Start importing Assets/Paletizador/Prefabs/CabeceraPaletizador.prefab using Guid(4334771013b9272409c2d7f87097ceb2) Importer(815301076,1909f56bfc062723c751e8b465ee728b)  -> (artifact id: '1086fcb82365e58a2ae6be2ed848f6af') in 0.033427 seconds
  Import took 0.036285 seconds .

========================================================================
Received Import Request.
  Time since last request: 3.424232 seconds.
  path: Assets/Paletizador/Prefabs/CabeceraPaletizador.prefab
  artifactKey: Guid(4334771013b9272409c2d7f87097ceb2) Importer(815301076,1909f56bfc062723c751e8b465ee728b)
Start importing Assets/Paletizador/Prefabs/CabeceraPaletizador.prefab using Guid(4334771013b9272409c2d7f87097ceb2) Importer(815301076,1909f56bfc062723c751e8b465ee728b)  -> (artifact id: 'efcd97af2eb12cdccafa60c918e2ca2a') in 0.034828 seconds
  Import took 0.038263 seconds .

========================================================================
Received Import Request.
  Time since last request: 5.213609 seconds.
  path: Assets/Paletizador/Prefabs/CabeceraPaletizador.prefab
  artifactKey: Guid(4334771013b9272409c2d7f87097ceb2) Importer(815301076,1909f56bfc062723c751e8b465ee728b)
Start importing Assets/Paletizador/Prefabs/CabeceraPaletizador.prefab using Guid(4334771013b9272409c2d7f87097ceb2) Importer(815301076,1909f56bfc062723c751e8b465ee728b)  -> (artifact id: '9d9a33f5d4158124fb412c6cc18f7fa1') in 0.032236 seconds
  Import took 0.035093 seconds .

========================================================================
Received Import Request.
  Time since last request: 0.554157 seconds.
  path: Assets/Paletizador/Prefabs/CabeceraPaletizador.prefab
  artifactKey: Guid(4334771013b9272409c2d7f87097ceb2) Importer(815301076,1909f56bfc062723c751e8b465ee728b)
Start importing Assets/Paletizador/Prefabs/CabeceraPaletizador.prefab using Guid(4334771013b9272409c2d7f87097ceb2) Importer(815301076,1909f56bfc062723c751e8b465ee728b)  -> (artifact id: '52cda075f6bced518967d83fb8c5178f') in 0.024821 seconds
  Import took 0.027372 seconds .

========================================================================
Received Import Request.
  Time since last request: 16.277227 seconds.
  path: Assets/Paletizador/Escenas/@ConfiMosaico.unity
  artifactKey: Guid(65154c75c7180064c849ae5817fee15c) Importer(815301076,1909f56bfc062723c751e8b465ee728b)
Start importing Assets/Paletizador/Escenas/@ConfiMosaico.unity using Guid(65154c75c7180064c849ae5817fee15c) Importer(815301076,1909f56bfc062723c751e8b465ee728b)  -> (artifact id: 'ba0d0fa590ad06839830b5883adf9eed') in 0.003309 seconds
  Import took 0.005893 seconds .

========================================================================
Received Import Request.
  Time since last request: 7.608460 seconds.
  path: Assets/Paletizador/Escenas/@ConfiPallet.unity
  artifactKey: Guid(af4e7c9d17a7bcb489c2d051bc8b9777) Importer(815301076,1909f56bfc062723c751e8b465ee728b)
Start importing Assets/Paletizador/Escenas/@ConfiPallet.unity using Guid(af4e7c9d17a7bcb489c2d051bc8b9777) Importer(815301076,1909f56bfc062723c751e8b465ee728b)  -> (artifact id: '3aead5aab8fc3a73a5bd3c80431a3d89') in 0.003892 seconds
  Import took 0.006320 seconds .

========================================================================
Received Import Request.
  Time since last request: 8.987217 seconds.
  path: Assets/Paletizador/Escenas/@ConfiCaja.unity
  artifactKey: Guid(f75a22270dd1ea5489d652159396dfc3) Importer(815301076,1909f56bfc062723c751e8b465ee728b)
Start importing Assets/Paletizador/Escenas/@ConfiCaja.unity using Guid(f75a22270dd1ea5489d652159396dfc3) Importer(815301076,1909f56bfc062723c751e8b465ee728b)  -> (artifact id: '167aed2fd1bce4175acf0223866111fb') in 0.003364 seconds
  Import took 0.006027 seconds .

========================================================================
Received Import Request.
  Time since last request: 26.664633 seconds.
  path: Assets/Paletizador/Escenas/@ConfiPallet.unity
  artifactKey: Guid(af4e7c9d17a7bcb489c2d051bc8b9777) Importer(815301076,1909f56bfc062723c751e8b465ee728b)
Start importing Assets/Paletizador/Escenas/@ConfiPallet.unity using Guid(af4e7c9d17a7bcb489c2d051bc8b9777) Importer(815301076,1909f56bfc062723c751e8b465ee728b)  -> (artifact id: 'c6aadc8a1ba910752bdd7bdbcc1d1100') in 0.004198 seconds
  Import took 0.006258 seconds .

========================================================================
Received Import Request.
  Time since last request: 16.926453 seconds.
  path: Assets/Paletizador/Escenas/@ConfiPallet.unity
  artifactKey: Guid(af4e7c9d17a7bcb489c2d051bc8b9777) Importer(815301076,1909f56bfc062723c751e8b465ee728b)
Start importing Assets/Paletizador/Escenas/@ConfiPallet.unity using Guid(af4e7c9d17a7bcb489c2d051bc8b9777) Importer(815301076,1909f56bfc062723c751e8b465ee728b)  -> (artifact id: '2dbc7522bee91b2105d99f2c83b23d61') in 0.003989 seconds
  Import took 0.006336 seconds .

========================================================================
Received Prepare
Registering precompiled user dll's ...
Registered in 0.000626 seconds.
Begin MonoManager ReloadAssembly
Native extension for Lumin target not found
Native extension for LinuxStandalone target not found
Native extension for WindowsStandalone target not found
Native extension for OSXStandalone target not found
Native extension for WebGL target not found
Refreshing native plugins compatible for Editor in 0.22 ms, found 0 plugins.
Preloading 0 native plugins for Editor in 0.00 ms.
Mono: successfully reloaded assembly
- Completed reload, in  1.370 seconds
Platform modules already initialized, skipping
Switching build target platform(5) subTarget(0) extendedPlatform(0) -> platform(21) subTarget(0) extendedPlatform(0)
Refreshing native plugins compatible for Editor in 0.44 ms, found 0 plugins.
Preloading 0 native plugins for Editor in 0.00 ms.
Unloading 1119 Unused Serialized files (Serialized files now loaded: 0)
System memory in use before: 62.4 MB.
System memory in use after: 62.4 MB.

Unloading 6 unused Assets to reduce memory usage. Loaded Objects now: 1728.
Total: 2.762300 ms (FindLiveObjects: 0.236700 ms CreateObjectMapping: 0.045400 ms MarkObjects: 2.399200 ms  DeleteObjects: 0.078600 ms)

========================================================================
Received Prepare
Registering precompiled user dll's ...
Registered in 0.000577 seconds.
Begin MonoManager ReloadAssembly
Native extension for Lumin target not found
Native extension for LinuxStandalone target not found
Native extension for WindowsStandalone target not found
Native extension for OSXStandalone target not found
Native extension for WebGL target not found
Refreshing native plugins compatible for Editor in 0.27 ms, found 0 plugins.
Preloading 0 native plugins for Editor in 0.00 ms.
Mono: successfully reloaded assembly
- Completed reload, in  1.341 seconds
Platform modules already initialized, skipping
Switching build target platform(5) subTarget(0) extendedPlatform(0) -> platform(21) subTarget(0) extendedPlatform(0)
Refreshing native plugins compatible for Editor in 0.34 ms, found 0 plugins.
Preloading 0 native plugins for Editor in 0.00 ms.
Unloading 1119 Unused Serialized files (Serialized files now loaded: 0)
System memory in use before: 62.4 MB.
System memory in use after: 62.4 MB.

Unloading 5 unused Assets to reduce memory usage. Loaded Objects now: 1731.
Total: 2.321500 ms (FindLiveObjects: 0.311300 ms CreateObjectMapping: 0.060900 ms MarkObjects: 1.895100 ms  DeleteObjects: 0.051200 ms)

AssetImportWorkerClient::OnTransportError - code=2 error=End of file
