Using pre-set license
Built from '2020.3/staging' branch; Version is '2020.3.5f1 (8095aa901b9b) revision 8426922'; Using compiler version '192528614'; Build Type 'Release'
OS: 'Windows 10 Pro; OS build 19042.928; Version 2009; 64bit' Language: 'es' Physical Memory: 16227 MB
BatchMode: 1, IsHumanControllingUs: 0, StartBugReporterOnCrash: 0, Is64bit: 1, IsPro: 0

 COMMAND LINE ARGUMENTS:
C:\Program Files\Unity\Hub\Editor\2020.3.5f1\Editor\Unity.exe
-adb2
-batchMode
-noUpm
-name
AssetImportWorker0
-projectPath
D:/Google Drive/Plantilla_NET/Paletizado/Proyecto路D/SoftFluitronic/Software3D_Fluitronic
-logFile
Logs/AssetImportWorker0.log
-srvPort
64093
Successfully changed project path to: D:/Google Drive/Plantilla_NET/Paletizado/Proyecto路D/SoftFluitronic/Software3D_Fluitronic
D:/Google Drive/Plantilla_NET/Paletizado/Proyecto路D/SoftFluitronic/Software3D_Fluitronic
Using Asset Import Pipeline V2.
Refreshing native plugins compatible for Editor in 140.03 ms, found 0 plugins.
Preloading 0 native plugins for Editor in 0.00 ms.
Initialize engine version: 2020.3.5f1 (8095aa901b9b)
[Subsystems] Discovering subsystems at path C:/Program Files/Unity/Hub/Editor/2020.3.5f1/Editor/Data/Resources/UnitySubsystems
[Subsystems] Discovering subsystems at path D:/Google Drive/Plantilla_NET/Paletizado/Proyecto路D/SoftFluitronic/Software3D_Fluitronic/Assets
GfxDevice: creating device client; threaded=0
Direct3D:
    Version:  Direct3D 11.0 [level 11.1]
    Renderer: NVIDIA GeForce GTX 1050 Ti (ID=0x1c8c)
    Vendor:   
    VRAM:     4021 MB
    Driver:   26.21.14.4223
Initialize mono
Mono path[0] = 'C:/Program Files/Unity/Hub/Editor/2020.3.5f1/Editor/Data/Managed'
Mono path[1] = 'C:/Program Files/Unity/Hub/Editor/2020.3.5f1/Editor/Data/MonoBleedingEdge/lib/mono/unityjit'
Mono config path = 'C:/Program Files/Unity/Hub/Editor/2020.3.5f1/Editor/Data/MonoBleedingEdge/etc'
Using monoOptions --debugger-agent=transport=dt_socket,embedding=1,server=y,suspend=n,address=127.0.0.1:56600
Begin MonoManager ReloadAssembly
Registering precompiled unity dll's ...
Register platform support module: C:/Program Files/Unity/Hub/Editor/2020.3.5f1/Editor/Data/PlaybackEngines/WebGLSupport/UnityEditor.WebGL.Extensions.dll
Register platform support module: C:/Program Files/Unity/Hub/Editor/2020.3.5f1/Editor/Data/PlaybackEngines/MacStandaloneSupport/UnityEditor.OSXStandalone.Extensions.dll
Register platform support module: C:/Program Files/Unity/Hub/Editor/2020.3.5f1/Editor/Data/PlaybackEngines/WindowsStandaloneSupport/UnityEditor.WindowsStandalone.Extensions.dll
Register platform support module: C:/Program Files/Unity/Hub/Editor/2020.3.5f1/Editor/Data/PlaybackEngines/LinuxStandaloneSupport/UnityEditor.LinuxStandalone.Extensions.dll
Register platform support module: C:/Program Files/Unity/Hub/Editor/2020.3.5f1/Editor/Data/PlaybackEngines/LuminSupport/UnityEditor.Lumin.Extensions.dll
Registered in 0.017252 seconds.
Native extension for Lumin target not found
Native extension for LinuxStandalone target not found
Native extension for WindowsStandalone target not found
Native extension for OSXStandalone target not found
Native extension for WebGL target not found
Refreshing native plugins compatible for Editor in 78.91 ms, found 0 plugins.
Preloading 0 native plugins for Editor in 0.00 ms.
Mono: successfully reloaded assembly
- Completed reload, in  9.981 seconds
Platform modules already initialized, skipping
Registering precompiled user dll's ...
Registered in 0.002434 seconds.
Begin MonoManager ReloadAssembly
Native extension for Lumin target not found
Native extension for LinuxStandalone target not found
Native extension for WindowsStandalone target not found
Native extension for OSXStandalone target not found
Native extension for WebGL target not found
Refreshing native plugins compatible for Editor in 0.73 ms, found 0 plugins.
Preloading 0 native plugins for Editor in 0.00 ms.
Mono: successfully reloaded assembly
- Completed reload, in  3.079 seconds
Platform modules already initialized, skipping
========================================================================
Worker process is ready to serve import requests
Launched and connected shader compiler UnityShaderCompiler.exe after 0.15 seconds
Refreshing native plugins compatible for Editor in 0.65 ms, found 0 plugins.
Preloading 0 native plugins for Editor in 0.00 ms.
Unloading 1135 Unused Serialized files (Serialized files now loaded: 0)
System memory in use before: 59.8 MB.
System memory in use after: 59.9 MB.

Unloading 10 unused Assets to reduce memory usage. Loaded Objects now: 1577.
Total: 6.100200 ms (FindLiveObjects: 0.725100 ms CreateObjectMapping: 0.188900 ms MarkObjects: 4.950500 ms  DeleteObjects: 0.231400 ms)

========================================================================
Received Import Request.
  path: Assets/Paletizador/Script/@ConfiPallet
  artifactKey: Guid(9db147d8b56e1d2438e0e09297bc27b4) Importer(815301076,1909f56bfc062723c751e8b465ee728b)
Start importing Assets/Paletizador/Script/@ConfiPallet using Guid(9db147d8b56e1d2438e0e09297bc27b4) Importer(815301076,1909f56bfc062723c751e8b465ee728b)  -> (artifact id: '328bf7ecd63cf5b5cc14b491d81cab57') in 0.033796 seconds
  Import took 0.045601 seconds .

========================================================================
Received Import Request.
  Time since last request: 16.469483 seconds.
  path: Assets/Paletizador/Script/@ConfiPallet/ConfiPallet.cs
  artifactKey: Guid(263fe1735c401684c824e314438f0651) Importer(815301076,1909f56bfc062723c751e8b465ee728b)
Start importing Assets/Paletizador/Script/@ConfiPallet/ConfiPallet.cs using Guid(263fe1735c401684c824e314438f0651) Importer(815301076,1909f56bfc062723c751e8b465ee728b)  -> (artifact id: '29cad272890515e79159e924914c15c2') in 0.116364 seconds
  Import took 0.124061 seconds .

========================================================================
Received Import Request.
  Time since last request: 0.023035 seconds.
  path: Assets/Paletizador/Script/@ConfiPallet/ConfiPallet.cs
  artifactKey: Guid(263fe1735c401684c824e314438f0651) Importer(815301076,1909f56bfc062723c751e8b465ee728b)
Start importing Assets/Paletizador/Script/@ConfiPallet/ConfiPallet.cs using Guid(263fe1735c401684c824e314438f0651) Importer(815301076,1909f56bfc062723c751e8b465ee728b)  -> (artifact id: '29cad272890515e79159e924914c15c2') in 0.007623 seconds
  Import took 0.016876 seconds .

========================================================================
Received Prepare
Registering precompiled user dll's ...
Registered in 0.002042 seconds.
Begin MonoManager ReloadAssembly
Native extension for Lumin target not found
Native extension for LinuxStandalone target not found
Native extension for WindowsStandalone target not found
Native extension for OSXStandalone target not found
Native extension for WebGL target not found
Refreshing native plugins compatible for Editor in 0.55 ms, found 0 plugins.
Preloading 0 native plugins for Editor in 0.00 ms.
Mono: successfully reloaded assembly
- Completed reload, in  4.469 seconds
Platform modules already initialized, skipping
Switching build target platform(5) subTarget(0) extendedPlatform(0) -> platform(21) subTarget(0) extendedPlatform(0)
Refreshing native plugins compatible for Editor in 0.55 ms, found 0 plugins.
Preloading 0 native plugins for Editor in 0.00 ms.
Unloading 1121 Unused Serialized files (Serialized files now loaded: 0)
System memory in use before: 58.5 MB.
System memory in use after: 58.6 MB.

Unloading 5 unused Assets to reduce memory usage. Loaded Objects now: 1581.
Total: 4.698000 ms (FindLiveObjects: 0.509100 ms CreateObjectMapping: 0.185400 ms MarkObjects: 3.855800 ms  DeleteObjects: 0.144000 ms)

========================================================================
Received Import Request.
  Time since last request: 98.635741 seconds.
  path: Assets/Paletizador/Script/@ConfiPallet/ConfiPallet.cs
  artifactKey: Guid(263fe1735c401684c824e314438f0651) Importer(815301076,1909f56bfc062723c751e8b465ee728b)
Start importing Assets/Paletizador/Script/@ConfiPallet/ConfiPallet.cs using Guid(263fe1735c401684c824e314438f0651) Importer(815301076,1909f56bfc062723c751e8b465ee728b)  -> (artifact id: 'a43f786b3df46a3a5ea43ac3958f379c') in 0.041074 seconds
  Import took 0.053335 seconds .

========================================================================
Received Import Request.
  Time since last request: 13889.443959 seconds.
  path: Assets/Paletizador/Resources
  artifactKey: Guid(4fe2b93831695384fb478118da0a7a67) Importer(815301076,1909f56bfc062723c751e8b465ee728b)
Start importing Assets/Paletizador/Resources using Guid(4fe2b93831695384fb478118da0a7a67) Importer(815301076,1909f56bfc062723c751e8b465ee728b)  -> (artifact id: '9a585bfa95901bcf061a141d00923163') in 0.009221 seconds
  Import took 0.013486 seconds .

========================================================================
Received Import Request.
  Time since last request: 45.341755 seconds.
  path: Assets/Paletizador/Resources/Caja.blend
  artifactKey: Guid(6d03f08db3ddb74419bd30d7a9dc7401) Importer(815301076,1909f56bfc062723c751e8b465ee728b)
Start importing Assets/Paletizador/Resources/Caja.blend using Guid(6d03f08db3ddb74419bd30d7a9dc7401) Importer(815301076,1909f56bfc062723c751e8b465ee728b)  -> (artifact id: '59eaec48690ed52873b283b66467608e') in 0.902794 seconds
  Import took 0.908357 seconds .

========================================================================
Received Import Request.
  Time since last request: 21.103118 seconds.
  path: Assets/Paletizador/Script/Clases/Pallet.cs
  artifactKey: Guid(511145b1d549d4948b4c8f5d8676c1fc) Importer(815301076,1909f56bfc062723c751e8b465ee728b)
Start importing Assets/Paletizador/Script/Clases/Pallet.cs using Guid(511145b1d549d4948b4c8f5d8676c1fc) Importer(815301076,1909f56bfc062723c751e8b465ee728b)  -> (artifact id: 'e643b5e5b913dee7236db4f0cd58c922') in 0.014721 seconds
  Import took 0.019846 seconds .

========================================================================
Received Prepare
Registering precompiled user dll's ...
Registered in 0.000700 seconds.
Begin MonoManager ReloadAssembly
Native extension for Lumin target not found
Native extension for LinuxStandalone target not found
Native extension for WindowsStandalone target not found
Native extension for OSXStandalone target not found
Native extension for WebGL target not found
Refreshing native plugins compatible for Editor in 0.43 ms, found 0 plugins.
Preloading 0 native plugins for Editor in 0.00 ms.
Mono: successfully reloaded assembly
- Completed reload, in  1.828 seconds
Platform modules already initialized, skipping
Switching build target platform(5) subTarget(0) extendedPlatform(0) -> platform(21) subTarget(0) extendedPlatform(0)
Refreshing native plugins compatible for Editor in 0.38 ms, found 0 plugins.
Preloading 0 native plugins for Editor in 0.00 ms.
Unloading 1122 Unused Serialized files (Serialized files now loaded: 0)
System memory in use before: 62.0 MB.
System memory in use after: 62.1 MB.

Unloading 5 unused Assets to reduce memory usage. Loaded Objects now: 1628.
Total: 3.518500 ms (FindLiveObjects: 0.181200 ms CreateObjectMapping: 0.054300 ms MarkObjects: 3.168100 ms  DeleteObjects: 0.111700 ms)

========================================================================
Received Import Request.
  Time since last request: 697.575474 seconds.
  path: Assets/Paletizador/Script/Clases/Pallet.cs
  artifactKey: Guid(511145b1d549d4948b4c8f5d8676c1fc) Importer(815301076,1909f56bfc062723c751e8b465ee728b)
Start importing Assets/Paletizador/Script/Clases/Pallet.cs using Guid(511145b1d549d4948b4c8f5d8676c1fc) Importer(815301076,1909f56bfc062723c751e8b465ee728b)  -> (artifact id: '0d6007a7ba28deb61255bf368ad72ad1') in 0.010571 seconds
  Import took 0.018298 seconds .

========================================================================
Received Prepare
Registering precompiled user dll's ...
Registered in 0.000640 seconds.
Begin MonoManager ReloadAssembly
Native extension for Lumin target not found
Native extension for LinuxStandalone target not found
Native extension for WindowsStandalone target not found
Native extension for OSXStandalone target not found
Native extension for WebGL target not found
Refreshing native plugins compatible for Editor in 0.25 ms, found 0 plugins.
Preloading 0 native plugins for Editor in 0.00 ms.
Mono: successfully reloaded assembly
- Completed reload, in  1.177 seconds
Platform modules already initialized, skipping
Switching build target platform(5) subTarget(0) extendedPlatform(0) -> platform(21) subTarget(0) extendedPlatform(0)
Refreshing native plugins compatible for Editor in 0.28 ms, found 0 plugins.
Preloading 0 native plugins for Editor in 0.00 ms.
Unloading 1122 Unused Serialized files (Serialized files now loaded: 0)
System memory in use before: 62.1 MB.
System memory in use after: 62.2 MB.

Unloading 5 unused Assets to reduce memory usage. Loaded Objects now: 1631.
Total: 2.310000 ms (FindLiveObjects: 0.287500 ms CreateObjectMapping: 0.080900 ms MarkObjects: 1.862900 ms  DeleteObjects: 0.076600 ms)

========================================================================
Received Import Request.
  Time since last request: 152.270351 seconds.
  path: Assets/Paletizador/Resources/Caja.blend
  artifactKey: Guid(6d03f08db3ddb74419bd30d7a9dc7401) Importer(815301076,1909f56bfc062723c751e8b465ee728b)
Start importing Assets/Paletizador/Resources/Caja.blend using Guid(6d03f08db3ddb74419bd30d7a9dc7401) Importer(815301076,1909f56bfc062723c751e8b465ee728b)  -> (artifact id: '401d417b2ded1d6f6c7f2c7359df4ce9') in 0.318538 seconds
  Import took 0.328435 seconds .

========================================================================
Received Import Request.
  Time since last request: 27.413659 seconds.
  path: Assets/Paletizador/Resources/Caja.blend
  artifactKey: Guid(6d03f08db3ddb74419bd30d7a9dc7401) Importer(815301076,1909f56bfc062723c751e8b465ee728b)
Start importing Assets/Paletizador/Resources/Caja.blend using Guid(6d03f08db3ddb74419bd30d7a9dc7401) Importer(815301076,1909f56bfc062723c751e8b465ee728b)  -> (artifact id: '479370fd022e0de017be807cbe652ac5') in 0.025829 seconds
  Import took 0.028879 seconds .

========================================================================
Received Import Request.
  Time since last request: 0.015114 seconds.
  path: Assets/Paletizador/Resources/Caja.blend
  artifactKey: Guid(6d03f08db3ddb74419bd30d7a9dc7401) Importer(815301076,1909f56bfc062723c751e8b465ee728b)
Start importing Assets/Paletizador/Resources/Caja.blend using Guid(6d03f08db3ddb74419bd30d7a9dc7401) Importer(815301076,1909f56bfc062723c751e8b465ee728b)  -> (artifact id: '479370fd022e0de017be807cbe652ac5') in 0.014678 seconds
  Import took 0.019339 seconds .

========================================================================
Received Import Request.
  Time since last request: 2.783811 seconds.
  path: Assets/Paletizador/Resources/Caja.blend1
  artifactKey: Guid(56eaaf88636eb53488d6e05d220c9fd7) Importer(815301076,1909f56bfc062723c751e8b465ee728b)
Start importing Assets/Paletizador/Resources/Caja.blend1 using Guid(56eaaf88636eb53488d6e05d220c9fd7) Importer(815301076,1909f56bfc062723c751e8b465ee728b)  -> (artifact id: 'ea9c61a3cce2a4c52a45d69c4e082146') in 0.007123 seconds
  Import took 0.010475 seconds .

========================================================================
Received Import Request.
  Time since last request: 69.973446 seconds.
  path: Assets/Paletizador/Resources/Caja.blend
  artifactKey: Guid(6d03f08db3ddb74419bd30d7a9dc7401) Importer(815301076,1909f56bfc062723c751e8b465ee728b)
Start importing Assets/Paletizador/Resources/Caja.blend using Guid(6d03f08db3ddb74419bd30d7a9dc7401) Importer(815301076,1909f56bfc062723c751e8b465ee728b)  -> (artifact id: '200df0aa035fa2becb6a239d73bef8f9') in 0.077937 seconds
  Import took 0.084539 seconds .

========================================================================
Received Prepare
Registering precompiled user dll's ...
Registered in 0.002239 seconds.
Begin MonoManager ReloadAssembly
Native extension for Lumin target not found
Native extension for LinuxStandalone target not found
Native extension for WindowsStandalone target not found
Native extension for OSXStandalone target not found
Native extension for WebGL target not found
Refreshing native plugins compatible for Editor in 0.33 ms, found 0 plugins.
Preloading 0 native plugins for Editor in 0.00 ms.
Mono: successfully reloaded assembly
- Completed reload, in  2.515 seconds
Platform modules already initialized, skipping
Switching build target platform(5) subTarget(0) extendedPlatform(0) -> platform(21) subTarget(0) extendedPlatform(0)
Refreshing native plugins compatible for Editor in 0.64 ms, found 0 plugins.
Preloading 0 native plugins for Editor in 0.00 ms.
Unloading 1122 Unused Serialized files (Serialized files now loaded: 0)
System memory in use before: 62.1 MB.
System memory in use after: 62.2 MB.

Unloading 5 unused Assets to reduce memory usage. Loaded Objects now: 1635.
Total: 3.767800 ms (FindLiveObjects: 0.357400 ms CreateObjectMapping: 0.118700 ms MarkObjects: 3.175600 ms  DeleteObjects: 0.112800 ms)

========================================================================
Received Prepare
Registering precompiled user dll's ...
Registered in 0.001616 seconds.
Begin MonoManager ReloadAssembly
Native extension for Lumin target not found
Native extension for LinuxStandalone target not found
Native extension for WindowsStandalone target not found
Native extension for OSXStandalone target not found
Native extension for WebGL target not found
Refreshing native plugins compatible for Editor in 0.47 ms, found 0 plugins.
Preloading 0 native plugins for Editor in 0.00 ms.
Mono: successfully reloaded assembly
- Completed reload, in  1.431 seconds
Platform modules already initialized, skipping
Switching build target platform(5) subTarget(0) extendedPlatform(0) -> platform(21) subTarget(0) extendedPlatform(0)
Refreshing native plugins compatible for Editor in 0.77 ms, found 0 plugins.
Preloading 0 native plugins for Editor in 0.00 ms.
Unloading 1122 Unused Serialized files (Serialized files now loaded: 0)
System memory in use before: 62.2 MB.
System memory in use after: 62.2 MB.

Unloading 5 unused Assets to reduce memory usage. Loaded Objects now: 1638.
Total: 4.979100 ms (FindLiveObjects: 0.480200 ms CreateObjectMapping: 0.208600 ms MarkObjects: 4.154100 ms  DeleteObjects: 0.126800 ms)

========================================================================
Received Import Request.
  Time since last request: 1767.469620 seconds.
  path: Assets/Paletizador/Escenas/@ConfiPallet.unity
  artifactKey: Guid(af4e7c9d17a7bcb489c2d051bc8b9777) Importer(815301076,1909f56bfc062723c751e8b465ee728b)
Start importing Assets/Paletizador/Escenas/@ConfiPallet.unity using Guid(af4e7c9d17a7bcb489c2d051bc8b9777) Importer(815301076,1909f56bfc062723c751e8b465ee728b)  -> (artifact id: '91f72fe6ba0c797063116baaf4732abc') in 0.023269 seconds
  Import took 0.026013 seconds .

========================================================================
Received Prepare
Registering precompiled user dll's ...
Registered in 0.001621 seconds.
Begin MonoManager ReloadAssembly
Native extension for Lumin target not found
Native extension for LinuxStandalone target not found
Native extension for WindowsStandalone target not found
Native extension for OSXStandalone target not found
Native extension for WebGL target not found
Refreshing native plugins compatible for Editor in 0.37 ms, found 0 plugins.
Preloading 0 native plugins for Editor in 0.00 ms.
Mono: successfully reloaded assembly
- Completed reload, in  1.296 seconds
Platform modules already initialized, skipping
Switching build target platform(5) subTarget(0) extendedPlatform(0) -> platform(21) subTarget(0) extendedPlatform(0)
Refreshing native plugins compatible for Editor in 0.38 ms, found 0 plugins.
Preloading 0 native plugins for Editor in 0.00 ms.
Unloading 1122 Unused Serialized files (Serialized files now loaded: 0)
System memory in use before: 62.2 MB.
System memory in use after: 62.2 MB.

Unloading 5 unused Assets to reduce memory usage. Loaded Objects now: 1641.
Total: 5.824400 ms (FindLiveObjects: 0.483100 ms CreateObjectMapping: 0.161000 ms MarkObjects: 5.024500 ms  DeleteObjects: 0.151700 ms)

========================================================================
Received Prepare
Registering precompiled user dll's ...
Registered in 0.002774 seconds.
Begin MonoManager ReloadAssembly
Native extension for Lumin target not found
Native extension for LinuxStandalone target not found
Native extension for WindowsStandalone target not found
Native extension for OSXStandalone target not found
Native extension for WebGL target not found
Refreshing native plugins compatible for Editor in 0.38 ms, found 0 plugins.
Preloading 0 native plugins for Editor in 0.00 ms.
Mono: successfully reloaded assembly
- Completed reload, in  1.739 seconds
Platform modules already initialized, skipping
Switching build target platform(5) subTarget(0) extendedPlatform(0) -> platform(21) subTarget(0) extendedPlatform(0)
Refreshing native plugins compatible for Editor in 0.64 ms, found 0 plugins.
Preloading 0 native plugins for Editor in 0.00 ms.
Unloading 1122 Unused Serialized files (Serialized files now loaded: 0)
System memory in use before: 62.2 MB.
System memory in use after: 62.2 MB.

Unloading 5 unused Assets to reduce memory usage. Loaded Objects now: 1644.
Total: 4.567400 ms (FindLiveObjects: 0.466200 ms CreateObjectMapping: 0.122000 ms MarkObjects: 3.831900 ms  DeleteObjects: 0.141100 ms)

========================================================================
Received Import Request.
  Time since last request: 1902.891175 seconds.
  path: Assets/Paletizador/Resources/palet1.STL
  artifactKey: Guid(ae231bc8c8a36084bbd42055c1b0fe32) Importer(815301076,1909f56bfc062723c751e8b465ee728b)
Start importing Assets/Paletizador/Resources/palet1.STL using Guid(ae231bc8c8a36084bbd42055c1b0fe32) Importer(815301076,1909f56bfc062723c751e8b465ee728b)  -> (artifact id: '167fc0fb7bfa58d1f8dd8ca7b6d46557') in 0.029466 seconds
  Import took 0.032095 seconds .

========================================================================
Received Import Request.
  Time since last request: 12.052267 seconds.
  path: Assets/Paletizador/Resources/palet1.sldprt
  artifactKey: Guid(27127c50041d6ad4ab9020b838803b08) Importer(815301076,1909f56bfc062723c751e8b465ee728b)
Start importing Assets/Paletizador/Resources/palet1.sldprt using Guid(27127c50041d6ad4ab9020b838803b08) Importer(815301076,1909f56bfc062723c751e8b465ee728b)  -> (artifact id: '488dc2942a8076d53d64ad0e13e5c41b') in 0.248914 seconds
  Import took 0.251497 seconds .

========================================================================
Received Import Request.
  Time since last request: 225.293128 seconds.
  path: Assets/Paletizador/Resources/palet3.STL
  artifactKey: Guid(c8b2b2cc1f74d874ebf2f16d87f81717) Importer(815301076,1909f56bfc062723c751e8b465ee728b)
Start importing Assets/Paletizador/Resources/palet3.STL using Guid(c8b2b2cc1f74d874ebf2f16d87f81717) Importer(815301076,1909f56bfc062723c751e8b465ee728b)  -> (artifact id: 'e722ec2a388e6be56d597629a9892575') in 0.008312 seconds
  Import took 0.010933 seconds .

========================================================================
Received Import Request.
  Time since last request: 27.315289 seconds.
  path: Assets/Paletizador/Resources/Rojo.mat
  artifactKey: Guid(bd8319ed98f2c664794a7d9fdd589a8c) Importer(815301076,1909f56bfc062723c751e8b465ee728b)
Start importing Assets/Paletizador/Resources/Rojo.mat using Guid(bd8319ed98f2c664794a7d9fdd589a8c) Importer(815301076,1909f56bfc062723c751e8b465ee728b)  -> (artifact id: '98f01c1821bf4c55e2e4e8cdb438865a') in 0.073564 seconds
  Import took 0.077080 seconds .

========================================================================
Received Import Request.
  Time since last request: 165.990782 seconds.
  path: Assets/Paletizador/Resources/EuroPallet.blend
  artifactKey: Guid(bb0502871be4aaa4dae694dc12f7d1b8) Importer(815301076,1909f56bfc062723c751e8b465ee728b)
Start importing Assets/Paletizador/Resources/EuroPallet.blend using Guid(bb0502871be4aaa4dae694dc12f7d1b8) Importer(815301076,1909f56bfc062723c751e8b465ee728b)  -> (artifact id: '7637b3ebd74d612a2ebf9444ce090483') in 0.115741 seconds
  Import took 0.120437 seconds .

========================================================================
Received Import Request.
  Time since last request: 170.714355 seconds.
  path: Assets/Paletizador/Resources/Verde.mat
  artifactKey: Guid(e1464423b6c589745adcbac6643b1c17) Importer(815301076,1909f56bfc062723c751e8b465ee728b)
Start importing Assets/Paletizador/Resources/Verde.mat using Guid(e1464423b6c589745adcbac6643b1c17) Importer(815301076,1909f56bfc062723c751e8b465ee728b)  -> (artifact id: '445023d4cbb463df3e7219da1653c497') in 0.015602 seconds
  Import took 0.018381 seconds .

========================================================================
Received Import Request.
  Time since last request: 132.594899 seconds.
  path: Assets/Paletizador/Resources/Azul.mat
  artifactKey: Guid(982d05bee6ec43b47be7ea5de4abc1cb) Importer(815301076,1909f56bfc062723c751e8b465ee728b)
Start importing Assets/Paletizador/Resources/Azul.mat using Guid(982d05bee6ec43b47be7ea5de4abc1cb) Importer(815301076,1909f56bfc062723c751e8b465ee728b)  -> (artifact id: '67a61ab33949373b4a8b3787594582dc') in 0.020171 seconds
  Import took 0.023465 seconds .

========================================================================
Received Import Request.
  Time since last request: 32.514702 seconds.
  path: Assets/Paletizador/Resources/Rojo.mat
  artifactKey: Guid(bd8319ed98f2c664794a7d9fdd589a8c) Importer(815301076,1909f56bfc062723c751e8b465ee728b)
Start importing Assets/Paletizador/Resources/Rojo.mat using Guid(bd8319ed98f2c664794a7d9fdd589a8c) Importer(815301076,1909f56bfc062723c751e8b465ee728b)  -> (artifact id: 'b2a673c9c24737d1542822ba6f580f61') in 0.017368 seconds
  Import took 0.021240 seconds .

========================================================================
Received Import Request.
  Time since last request: 0.000271 seconds.
  path: Assets/Paletizador/Resources/Verde.mat
  artifactKey: Guid(e1464423b6c589745adcbac6643b1c17) Importer(815301076,1909f56bfc062723c751e8b465ee728b)
Start importing Assets/Paletizador/Resources/Verde.mat using Guid(e1464423b6c589745adcbac6643b1c17) Importer(815301076,1909f56bfc062723c751e8b465ee728b)  -> (artifact id: '9254429b59de0f9cadbaa5a37adc7656') in 0.023640 seconds
  Import took 0.027436 seconds .

========================================================================
Received Import Request.
  Time since last request: 66.319149 seconds.
  path: Assets/Paletizador/Resources/Azul.mat
  artifactKey: Guid(982d05bee6ec43b47be7ea5de4abc1cb) Importer(815301076,1909f56bfc062723c751e8b465ee728b)
Start importing Assets/Paletizador/Resources/Azul.mat using Guid(982d05bee6ec43b47be7ea5de4abc1cb) Importer(815301076,1909f56bfc062723c751e8b465ee728b)  -> (artifact id: '7299bbb6eae77a0c90cdbbf42aa1cb10') in 0.019047 seconds
  Import took 0.021583 seconds .

========================================================================
Received Import Request.
  Time since last request: 10.538120 seconds.
  path: Assets/Paletizador/Resources/Amarillo.mat
  artifactKey: Guid(463ab9435776e7d4c8b87eef811e5472) Importer(815301076,1909f56bfc062723c751e8b465ee728b)
Start importing Assets/Paletizador/Resources/Amarillo.mat using Guid(463ab9435776e7d4c8b87eef811e5472) Importer(815301076,1909f56bfc062723c751e8b465ee728b)  -> (artifact id: 'e1c3060a9c44c2550a5ffce981d7d90b') in 0.023470 seconds
  Import took 0.025838 seconds .

========================================================================
Received Import Request.
  Time since last request: 246.838349 seconds.
  path: Assets/Paletizador/Resources/Amarillo.mat
  artifactKey: Guid(463ab9435776e7d4c8b87eef811e5472) Importer(815301076,1909f56bfc062723c751e8b465ee728b)
Start importing Assets/Paletizador/Resources/Amarillo.mat using Guid(463ab9435776e7d4c8b87eef811e5472) Importer(815301076,1909f56bfc062723c751e8b465ee728b)  -> (artifact id: '032db4f1b462c40f990c9b8010d35b59') in 0.018667 seconds
  Import took 0.022105 seconds .

========================================================================
Received Prepare
Registering precompiled user dll's ...
Registered in 0.000522 seconds.
Begin MonoManager ReloadAssembly
Native extension for Lumin target not found
Native extension for LinuxStandalone target not found
Native extension for WindowsStandalone target not found
Native extension for OSXStandalone target not found
Native extension for WebGL target not found
Refreshing native plugins compatible for Editor in 0.21 ms, found 0 plugins.
Preloading 0 native plugins for Editor in 0.00 ms.
Mono: successfully reloaded assembly
- Completed reload, in  0.923 seconds
Platform modules already initialized, skipping
Switching build target platform(5) subTarget(0) extendedPlatform(0) -> platform(21) subTarget(0) extendedPlatform(0)
Refreshing native plugins compatible for Editor in 0.22 ms, found 0 plugins.
Preloading 0 native plugins for Editor in 0.00 ms.
Unloading 1122 Unused Serialized files (Serialized files now loaded: 0)
System memory in use before: 62.2 MB.
System memory in use after: 62.3 MB.

Unloading 6 unused Assets to reduce memory usage. Loaded Objects now: 1648.
Total: 1.830300 ms (FindLiveObjects: 0.182300 ms CreateObjectMapping: 0.049800 ms MarkObjects: 1.538100 ms  DeleteObjects: 0.059100 ms)

========================================================================
Received Prepare
Registering precompiled user dll's ...
Registered in 0.000447 seconds.
Begin MonoManager ReloadAssembly
Native extension for Lumin target not found
Native extension for LinuxStandalone target not found
Native extension for WindowsStandalone target not found
Native extension for OSXStandalone target not found
Native extension for WebGL target not found
Refreshing native plugins compatible for Editor in 0.23 ms, found 0 plugins.
Preloading 0 native plugins for Editor in 0.00 ms.
Mono: successfully reloaded assembly
- Completed reload, in  0.869 seconds
Platform modules already initialized, skipping
Switching build target platform(5) subTarget(0) extendedPlatform(0) -> platform(21) subTarget(0) extendedPlatform(0)
Refreshing native plugins compatible for Editor in 0.19 ms, found 0 plugins.
Preloading 0 native plugins for Editor in 0.00 ms.
Unloading 1122 Unused Serialized files (Serialized files now loaded: 0)
System memory in use before: 62.2 MB.
System memory in use after: 62.3 MB.

Unloading 5 unused Assets to reduce memory usage. Loaded Objects now: 1651.
Total: 2.374000 ms (FindLiveObjects: 0.225100 ms CreateObjectMapping: 0.069600 ms MarkObjects: 2.010300 ms  DeleteObjects: 0.066600 ms)

========================================================================
Received Prepare
Registering precompiled user dll's ...
Registered in 0.000565 seconds.
Begin MonoManager ReloadAssembly
Native extension for Lumin target not found
Native extension for LinuxStandalone target not found
Native extension for WindowsStandalone target not found
Native extension for OSXStandalone target not found
Native extension for WebGL target not found
Refreshing native plugins compatible for Editor in 0.19 ms, found 0 plugins.
Preloading 0 native plugins for Editor in 0.00 ms.
Mono: successfully reloaded assembly
- Completed reload, in  0.802 seconds
Platform modules already initialized, skipping
Switching build target platform(5) subTarget(0) extendedPlatform(0) -> platform(21) subTarget(0) extendedPlatform(0)
Refreshing native plugins compatible for Editor in 0.19 ms, found 0 plugins.
Preloading 0 native plugins for Editor in 0.00 ms.
Unloading 1122 Unused Serialized files (Serialized files now loaded: 0)
System memory in use before: 62.2 MB.
System memory in use after: 62.3 MB.

Unloading 5 unused Assets to reduce memory usage. Loaded Objects now: 1654.
Total: 1.739400 ms (FindLiveObjects: 0.133800 ms CreateObjectMapping: 0.041200 ms MarkObjects: 1.514500 ms  DeleteObjects: 0.048900 ms)

========================================================================
Received Prepare
Registering precompiled user dll's ...
Registered in 0.000614 seconds.
Begin MonoManager ReloadAssembly
Native extension for Lumin target not found
Native extension for LinuxStandalone target not found
Native extension for WindowsStandalone target not found
Native extension for OSXStandalone target not found
Native extension for WebGL target not found
Refreshing native plugins compatible for Editor in 0.19 ms, found 0 plugins.
Preloading 0 native plugins for Editor in 0.00 ms.
Mono: successfully reloaded assembly
- Completed reload, in  0.852 seconds
Platform modules already initialized, skipping
Switching build target platform(5) subTarget(0) extendedPlatform(0) -> platform(21) subTarget(0) extendedPlatform(0)
Refreshing native plugins compatible for Editor in 0.26 ms, found 0 plugins.
Preloading 0 native plugins for Editor in 0.00 ms.
Unloading 1122 Unused Serialized files (Serialized files now loaded: 0)
System memory in use before: 62.2 MB.
System memory in use after: 62.3 MB.

Unloading 5 unused Assets to reduce memory usage. Loaded Objects now: 1657.
Total: 1.782400 ms (FindLiveObjects: 0.146000 ms CreateObjectMapping: 0.031400 ms MarkObjects: 1.556900 ms  DeleteObjects: 0.047100 ms)

========================================================================
Received Prepare
Registering precompiled user dll's ...
Registered in 0.000549 seconds.
Begin MonoManager ReloadAssembly
Native extension for Lumin target not found
Native extension for LinuxStandalone target not found
Native extension for WindowsStandalone target not found
Native extension for OSXStandalone target not found
Native extension for WebGL target not found
Refreshing native plugins compatible for Editor in 0.23 ms, found 0 plugins.
Preloading 0 native plugins for Editor in 0.00 ms.
Mono: successfully reloaded assembly
- Completed reload, in  0.912 seconds
Platform modules already initialized, skipping
Switching build target platform(5) subTarget(0) extendedPlatform(0) -> platform(21) subTarget(0) extendedPlatform(0)
Refreshing native plugins compatible for Editor in 0.20 ms, found 0 plugins.
Preloading 0 native plugins for Editor in 0.00 ms.
Unloading 1123 Unused Serialized files (Serialized files now loaded: 0)
System memory in use before: 62.3 MB.
System memory in use after: 62.3 MB.

Unloading 5 unused Assets to reduce memory usage. Loaded Objects now: 1661.
Total: 2.273300 ms (FindLiveObjects: 0.364700 ms CreateObjectMapping: 0.081100 ms MarkObjects: 1.772500 ms  DeleteObjects: 0.051400 ms)

========================================================================
Received Import Request.
  Time since last request: 1135.747527 seconds.
  path: Assets/Paletizador/Script/Escenas/GuardaPallet.prefab
  artifactKey: Guid(6b61d840bd2d0ca49be1861bc5c5ba14) Importer(815301076,1909f56bfc062723c751e8b465ee728b)
Start importing Assets/Paletizador/Script/Escenas/GuardaPallet.prefab using Guid(6b61d840bd2d0ca49be1861bc5c5ba14) Importer(815301076,1909f56bfc062723c751e8b465ee728b)  -> (artifact id: '130c774ce0e76fdac60dcd9717a9beaf') in 0.036573 seconds
  Import took 0.039033 seconds .

========================================================================
Received Prepare
Registering precompiled user dll's ...
Registered in 0.000629 seconds.
Begin MonoManager ReloadAssembly
Native extension for Lumin target not found
Native extension for LinuxStandalone target not found
Native extension for WindowsStandalone target not found
Native extension for OSXStandalone target not found
Native extension for WebGL target not found
Refreshing native plugins compatible for Editor in 0.19 ms, found 0 plugins.
Preloading 0 native plugins for Editor in 0.00 ms.
Mono: successfully reloaded assembly
- Completed reload, in  0.949 seconds
Platform modules already initialized, skipping
Switching build target platform(5) subTarget(0) extendedPlatform(0) -> platform(21) subTarget(0) extendedPlatform(0)
Refreshing native plugins compatible for Editor in 0.20 ms, found 0 plugins.
Preloading 0 native plugins for Editor in 0.00 ms.
Unloading 1123 Unused Serialized files (Serialized files now loaded: 0)
System memory in use before: 62.3 MB.
System memory in use after: 62.4 MB.

Unloading 5 unused Assets to reduce memory usage. Loaded Objects now: 1664.
Total: 1.886200 ms (FindLiveObjects: 0.141300 ms CreateObjectMapping: 0.037900 ms MarkObjects: 1.645700 ms  DeleteObjects: 0.059800 ms)

========================================================================
Received Import Request.
  Time since last request: 541.226320 seconds.
  path: Assets/Paletizador/Escenas/@ConfiPallet.unity
  artifactKey: Guid(af4e7c9d17a7bcb489c2d051bc8b9777) Importer(815301076,1909f56bfc062723c751e8b465ee728b)
Start importing Assets/Paletizador/Escenas/@ConfiPallet.unity using Guid(af4e7c9d17a7bcb489c2d051bc8b9777) Importer(815301076,1909f56bfc062723c751e8b465ee728b)  -> (artifact id: 'f44102c4374f962a5c6ae27ee2599f5e') in 0.019988 seconds
  Import took 0.022541 seconds .

========================================================================
Received Prepare
Registering precompiled user dll's ...
Registered in 0.000598 seconds.
Begin MonoManager ReloadAssembly
Native extension for Lumin target not found
Native extension for LinuxStandalone target not found
Native extension for WindowsStandalone target not found
Native extension for OSXStandalone target not found
Native extension for WebGL target not found
Refreshing native plugins compatible for Editor in 0.19 ms, found 0 plugins.
Preloading 0 native plugins for Editor in 0.00 ms.
Mono: successfully reloaded assembly
- Completed reload, in  1.089 seconds
Platform modules already initialized, skipping
Switching build target platform(5) subTarget(0) extendedPlatform(0) -> platform(21) subTarget(0) extendedPlatform(0)
Refreshing native plugins compatible for Editor in 0.26 ms, found 0 plugins.
Preloading 0 native plugins for Editor in 0.00 ms.
Unloading 1123 Unused Serialized files (Serialized files now loaded: 0)
System memory in use before: 62.3 MB.
System memory in use after: 62.4 MB.

Unloading 5 unused Assets to reduce memory usage. Loaded Objects now: 1667.
Total: 1.810100 ms (FindLiveObjects: 0.148200 ms CreateObjectMapping: 0.050300 ms MarkObjects: 1.564100 ms  DeleteObjects: 0.046700 ms)

========================================================================
Received Prepare
Registering precompiled user dll's ...
Registered in 0.000587 seconds.
Begin MonoManager ReloadAssembly
Native extension for Lumin target not found
Native extension for LinuxStandalone target not found
Native extension for WindowsStandalone target not found
Native extension for OSXStandalone target not found
Native extension for WebGL target not found
Refreshing native plugins compatible for Editor in 0.20 ms, found 0 plugins.
Preloading 0 native plugins for Editor in 0.00 ms.
Mono: successfully reloaded assembly
- Completed reload, in  1.086 seconds
Platform modules already initialized, skipping
Switching build target platform(5) subTarget(0) extendedPlatform(0) -> platform(21) subTarget(0) extendedPlatform(0)
Refreshing native plugins compatible for Editor in 0.20 ms, found 0 plugins.
Preloading 0 native plugins for Editor in 0.00 ms.
Unloading 1123 Unused Serialized files (Serialized files now loaded: 0)
System memory in use before: 62.3 MB.
System memory in use after: 62.4 MB.

Unloading 5 unused Assets to reduce memory usage. Loaded Objects now: 1670.
Total: 1.926500 ms (FindLiveObjects: 0.197400 ms CreateObjectMapping: 0.067300 ms MarkObjects: 1.608500 ms  DeleteObjects: 0.052000 ms)

========================================================================
Received Prepare
Registering precompiled user dll's ...
Registered in 0.000615 seconds.
Begin MonoManager ReloadAssembly
Native extension for Lumin target not found
Native extension for LinuxStandalone target not found
Native extension for WindowsStandalone target not found
Native extension for OSXStandalone target not found
Native extension for WebGL target not found
Refreshing native plugins compatible for Editor in 0.44 ms, found 0 plugins.
Preloading 0 native plugins for Editor in 0.00 ms.
Mono: successfully reloaded assembly
- Completed reload, in  1.158 seconds
Platform modules already initialized, skipping
Switching build target platform(5) subTarget(0) extendedPlatform(0) -> platform(21) subTarget(0) extendedPlatform(0)
Refreshing native plugins compatible for Editor in 0.32 ms, found 0 plugins.
Preloading 0 native plugins for Editor in 0.00 ms.
Unloading 1123 Unused Serialized files (Serialized files now loaded: 0)
System memory in use before: 62.3 MB.
System memory in use after: 62.4 MB.

Unloading 5 unused Assets to reduce memory usage. Loaded Objects now: 1673.
Total: 2.545300 ms (FindLiveObjects: 0.190800 ms CreateObjectMapping: 0.047100 ms MarkObjects: 2.224500 ms  DeleteObjects: 0.080700 ms)

========================================================================
Received Prepare
Registering precompiled user dll's ...
Registered in 0.000487 seconds.
Begin MonoManager ReloadAssembly
Native extension for Lumin target not found
Native extension for LinuxStandalone target not found
Native extension for WindowsStandalone target not found
Native extension for OSXStandalone target not found
Native extension for WebGL target not found
Refreshing native plugins compatible for Editor in 0.26 ms, found 0 plugins.
Preloading 0 native plugins for Editor in 0.00 ms.
Mono: successfully reloaded assembly
- Completed reload, in  1.061 seconds
Platform modules already initialized, skipping
Switching build target platform(5) subTarget(0) extendedPlatform(0) -> platform(21) subTarget(0) extendedPlatform(0)
Refreshing native plugins compatible for Editor in 0.20 ms, found 0 plugins.
Preloading 0 native plugins for Editor in 0.00 ms.
Unloading 1123 Unused Serialized files (Serialized files now loaded: 0)
System memory in use before: 62.3 MB.
System memory in use after: 62.4 MB.

Unloading 5 unused Assets to reduce memory usage. Loaded Objects now: 1676.
Total: 1.823600 ms (FindLiveObjects: 0.141300 ms CreateObjectMapping: 0.047600 ms MarkObjects: 1.576400 ms  DeleteObjects: 0.056800 ms)

========================================================================
Received Prepare
Registering precompiled user dll's ...
Registered in 0.000812 seconds.
Begin MonoManager ReloadAssembly
Native extension for Lumin target not found
Native extension for LinuxStandalone target not found
Native extension for WindowsStandalone target not found
Native extension for OSXStandalone target not found
Native extension for WebGL target not found
Refreshing native plugins compatible for Editor in 0.44 ms, found 0 plugins.
Preloading 0 native plugins for Editor in 0.00 ms.
Mono: successfully reloaded assembly
- Completed reload, in  1.173 seconds
Platform modules already initialized, skipping
Switching build target platform(5) subTarget(0) extendedPlatform(0) -> platform(21) subTarget(0) extendedPlatform(0)
Refreshing native plugins compatible for Editor in 0.22 ms, found 0 plugins.
Preloading 0 native plugins for Editor in 0.00 ms.
Unloading 1123 Unused Serialized files (Serialized files now loaded: 0)
System memory in use before: 62.3 MB.
System memory in use after: 62.4 MB.

Unloading 5 unused Assets to reduce memory usage. Loaded Objects now: 1679.
Total: 1.897900 ms (FindLiveObjects: 0.176000 ms CreateObjectMapping: 0.043200 ms MarkObjects: 1.622200 ms  DeleteObjects: 0.055000 ms)

========================================================================
Received Prepare
Registering precompiled user dll's ...
Registered in 0.002050 seconds.
Begin MonoManager ReloadAssembly
Native extension for Lumin target not found
Native extension for LinuxStandalone target not found
Native extension for WindowsStandalone target not found
Native extension for OSXStandalone target not found
Native extension for WebGL target not found
Refreshing native plugins compatible for Editor in 0.54 ms, found 0 plugins.
Preloading 0 native plugins for Editor in 0.00 ms.
Mono: successfully reloaded assembly
- Completed reload, in  3.924 seconds
Platform modules already initialized, skipping
Switching build target platform(5) subTarget(0) extendedPlatform(0) -> platform(21) subTarget(0) extendedPlatform(0)
Refreshing native plugins compatible for Editor in 0.56 ms, found 0 plugins.
Preloading 0 native plugins for Editor in 0.00 ms.
Unloading 1123 Unused Serialized files (Serialized files now loaded: 0)
System memory in use before: 62.3 MB.
System memory in use after: 62.4 MB.

Unloading 5 unused Assets to reduce memory usage. Loaded Objects now: 1682.
Total: 4.977600 ms (FindLiveObjects: 0.476100 ms CreateObjectMapping: 0.116800 ms MarkObjects: 4.242300 ms  DeleteObjects: 0.137500 ms)

========================================================================
Received Import Request.
  Time since last request: 4359.466748 seconds.
  path: Assets/Paletizador/Prefabs/Pallets.prefab
  artifactKey: Guid(9848227fae9bf924193c0dd90827747e) Importer(815301076,1909f56bfc062723c751e8b465ee728b)
Start importing Assets/Paletizador/Prefabs/Pallets.prefab using Guid(9848227fae9bf924193c0dd90827747e) Importer(815301076,1909f56bfc062723c751e8b465ee728b)  -> (artifact id: '2acb9db42e3b2ed94afa185de269f2ee') in 0.482417 seconds
  Import took 0.490557 seconds .

========================================================================
Received Prepare
Registering precompiled user dll's ...
Registered in 0.001625 seconds.
Begin MonoManager ReloadAssembly
Native extension for Lumin target not found
Native extension for LinuxStandalone target not found
Native extension for WindowsStandalone target not found
Native extension for OSXStandalone target not found
Native extension for WebGL target not found
Refreshing native plugins compatible for Editor in 0.51 ms, found 0 plugins.
Preloading 0 native plugins for Editor in 0.00 ms.
Mono: successfully reloaded assembly
- Completed reload, in  3.467 seconds
Platform modules already initialized, skipping
Switching build target platform(5) subTarget(0) extendedPlatform(0) -> platform(21) subTarget(0) extendedPlatform(0)
Refreshing native plugins compatible for Editor in 0.99 ms, found 0 plugins.
Preloading 0 native plugins for Editor in 0.00 ms.
Unloading 1124 Unused Serialized files (Serialized files now loaded: 0)
System memory in use before: 62.4 MB.
System memory in use after: 62.4 MB.

Unloading 5 unused Assets to reduce memory usage. Loaded Objects now: 1687.
Total: 7.086200 ms (FindLiveObjects: 0.647500 ms CreateObjectMapping: 0.143300 ms MarkObjects: 6.084600 ms  DeleteObjects: 0.205400 ms)

========================================================================
Received Prepare
Registering precompiled user dll's ...
Registered in 0.001698 seconds.
Begin MonoManager ReloadAssembly
Native extension for Lumin target not found
Native extension for LinuxStandalone target not found
Native extension for WindowsStandalone target not found
Native extension for OSXStandalone target not found
Native extension for WebGL target not found
Refreshing native plugins compatible for Editor in 0.49 ms, found 0 plugins.
Preloading 0 native plugins for Editor in 0.00 ms.
Mono: successfully reloaded assembly
- Completed reload, in  3.188 seconds
Platform modules already initialized, skipping
Switching build target platform(5) subTarget(0) extendedPlatform(0) -> platform(21) subTarget(0) extendedPlatform(0)
Refreshing native plugins compatible for Editor in 0.56 ms, found 0 plugins.
Preloading 0 native plugins for Editor in 0.00 ms.
Unloading 1124 Unused Serialized files (Serialized files now loaded: 0)
System memory in use before: 62.4 MB.
System memory in use after: 62.4 MB.

Unloading 5 unused Assets to reduce memory usage. Loaded Objects now: 1690.
Total: 5.255300 ms (FindLiveObjects: 0.539800 ms CreateObjectMapping: 0.171000 ms MarkObjects: 4.393600 ms  DeleteObjects: 0.145700 ms)

AssetImportWorkerClient::OnTransportError - code=2 error=End of file
